17.03.2020 8:51:41:::Trying to load value from config: CheckForMAMPPro
17.03.2020 8:51:41:::AppSetting : CheckForMAMPPro : System.Configuration.KeyValueConfigurationElement
17.03.2020 8:51:41:::Setting menuDropAlignmentField.
17.03.2020 8:51:41:::Finished menuDropAlignmentField.
17.03.2020 8:51:41:::Loading conf files.
17.03.2020 8:51:41:::apacheConfText: #
# This is the mai
17.03.2020 8:51:41:::mysqlConfText: # Example MySQL conf
17.03.2020 8:51:41:::mysqlConfText: #user               
17.03.2020 8:51:41:::GetPHPversion.
17.03.2020 8:51:41:::Apache version set is: 2_2
17.03.2020 8:51:41:::phpverFromApache is:php7.0.9
17.03.2020 8:51:41:::GetAllFileNamesFromDirectory count:16
17.03.2020 8:51:41:::final string:53.23
17.03.2020 8:51:41:::finald:53,23
17.03.2020 8:51:41:::final string:54.45
17.03.2020 8:51:41:::finald:54,45
17.03.2020 8:51:41:::final string:55.38
17.03.2020 8:51:41:::finald:55,38
17.03.2020 8:51:41:::final string:56.00
17.03.2020 8:51:41:::finald:56
17.03.2020 8:51:41:::final string:56.37
17.03.2020 8:51:41:::finald:56,37
17.03.2020 8:51:41:::final string:70.00
17.03.2020 8:51:41:::finald:70
17.03.2020 8:51:41:::final string:70.31
17.03.2020 8:51:41:::finald:70,31
17.03.2020 8:51:41:::final string:71.00
17.03.2020 8:51:41:::finald:71
17.03.2020 8:51:41:::final string:71.20
17.03.2020 8:51:41:::finald:71,2
17.03.2020 8:51:41:::final string:72.01
17.03.2020 8:51:41:::finald:72,01
17.03.2020 8:51:41:::final string:72.10
17.03.2020 8:51:41:::finald:72,1
17.03.2020 8:51:41:::final string:72.14
17.03.2020 8:51:41:::finald:72,14
17.03.2020 8:51:41:::final string:72.08
17.03.2020 8:51:41:::finald:72,08
17.03.2020 8:51:41:::final string:73.00
17.03.2020 8:51:41:::finald:73
17.03.2020 8:51:41:::final string:73.07
17.03.2020 8:51:41:::finald:73,07
17.03.2020 8:51:41:::PHPVerionsDict count:System.Collections.Generic.Dictionary`2[System.Double,System.String]
17.03.2020 8:51:41:::53,23: php5.3.23
17.03.2020 8:51:41:::54,45: php5.4.45
17.03.2020 8:51:41:::55,38: php5.5.38
17.03.2020 8:51:41:::56: php5.6.0
17.03.2020 8:51:41:::56,37: php5.6.37
17.03.2020 8:51:41:::70: php7.0.0
17.03.2020 8:51:41:::70,31: php7.0.31
17.03.2020 8:51:41:::71: php7.1.0
17.03.2020 8:51:41:::71,2: php7.1.20
17.03.2020 8:51:41:::72,01: php7.2.1
17.03.2020 8:51:41:::72,08: php7.2.8
17.03.2020 8:51:41:::72,1: php7.2.10
17.03.2020 8:51:41:::72,14: php7.2.14
17.03.2020 8:51:41:::73: php7.3.0
17.03.2020 8:51:41:::73,07: php7.3.7
17.03.2020 8:51:41:::PHPVerionsDictFinal count:15
17.03.2020 8:51:41:::GetPhpMin.php7.2.14
17.03.2020 8:51:41:::GetAllFileNamesFromDirectory count:16
17.03.2020 8:51:41:::final string:53.23
17.03.2020 8:51:41:::finald:53,23
17.03.2020 8:51:41:::final string:54.45
17.03.2020 8:51:41:::finald:54,45
17.03.2020 8:51:41:::final string:55.38
17.03.2020 8:51:41:::finald:55,38
17.03.2020 8:51:41:::final string:56.00
17.03.2020 8:51:41:::finald:56
17.03.2020 8:51:41:::final string:56.37
17.03.2020 8:51:41:::finald:56,37
17.03.2020 8:51:41:::final string:70.00
17.03.2020 8:51:41:::finald:70
17.03.2020 8:51:41:::final string:70.31
17.03.2020 8:51:41:::finald:70,31
17.03.2020 8:51:41:::final string:71.00
17.03.2020 8:51:41:::finald:71
17.03.2020 8:51:41:::final string:71.20
17.03.2020 8:51:41:::finald:71,2
17.03.2020 8:51:41:::final string:72.01
17.03.2020 8:51:41:::finald:72,01
17.03.2020 8:51:41:::final string:72.10
17.03.2020 8:51:41:::finald:72,1
17.03.2020 8:51:41:::final string:72.14
17.03.2020 8:51:41:::finald:72,14
17.03.2020 8:51:41:::final string:72.08
17.03.2020 8:51:41:::finald:72,08
17.03.2020 8:51:41:::final string:73.00
17.03.2020 8:51:41:::finald:73
17.03.2020 8:51:41:::final string:73.07
17.03.2020 8:51:41:::finald:73,07
17.03.2020 8:51:41:::PHPVerionsDict count:System.Collections.Generic.Dictionary`2[System.Double,System.String]
17.03.2020 8:51:41:::73,07: php7.3.7
17.03.2020 8:51:41:::73: php7.3.0
17.03.2020 8:51:41:::72,14: php7.2.14
17.03.2020 8:51:41:::72,1: php7.2.10
17.03.2020 8:51:41:::72,08: php7.2.8
17.03.2020 8:51:41:::72,01: php7.2.1
17.03.2020 8:51:41:::71,2: php7.1.20
17.03.2020 8:51:41:::71: php7.1.0
17.03.2020 8:51:41:::70,31: php7.0.31
17.03.2020 8:51:41:::70: php7.0.0
17.03.2020 8:51:41:::56,37: php5.6.37
17.03.2020 8:51:41:::56: php5.6.0
17.03.2020 8:51:41:::55,38: php5.5.38
17.03.2020 8:51:41:::54,45: php5.4.45
17.03.2020 8:51:41:::53,23: php5.3.23
17.03.2020 8:51:41:::PHPVerionsDictFinal count:15
17.03.2020 8:51:41:::GetPhpMax.php7.3.7
17.03.2020 8:51:41:::GetAllFileNamesFromDirectory count:16
17.03.2020 8:51:41:::final string:53.23
17.03.2020 8:51:41:::finald:53,23
17.03.2020 8:51:41:::final string:54.45
17.03.2020 8:51:41:::finald:54,45
17.03.2020 8:51:41:::final string:55.38
17.03.2020 8:51:41:::finald:55,38
17.03.2020 8:51:41:::final string:56.00
17.03.2020 8:51:41:::finald:56
17.03.2020 8:51:41:::final string:56.37
17.03.2020 8:51:41:::finald:56,37
17.03.2020 8:51:41:::final string:70.00
17.03.2020 8:51:41:::finald:70
17.03.2020 8:51:41:::final string:70.31
17.03.2020 8:51:41:::finald:70,31
17.03.2020 8:51:41:::final string:71.00
17.03.2020 8:51:41:::finald:71
17.03.2020 8:51:41:::final string:71.20
17.03.2020 8:51:41:::finald:71,2
17.03.2020 8:51:41:::final string:72.01
17.03.2020 8:51:41:::finald:72,01
17.03.2020 8:51:41:::final string:72.10
17.03.2020 8:51:41:::finald:72,1
17.03.2020 8:51:41:::final string:72.14
17.03.2020 8:51:41:::finald:72,14
17.03.2020 8:51:41:::final string:72.08
17.03.2020 8:51:41:::finald:72,08
17.03.2020 8:51:41:::final string:73.00
17.03.2020 8:51:41:::finald:73
17.03.2020 8:51:41:::final string:73.07
17.03.2020 8:51:41:::finald:73,07
17.03.2020 8:51:41:::PHPVerionsDict count:System.Collections.Generic.Dictionary`2[System.Double,System.String]
17.03.2020 8:51:41:::53,23: php5.3.23
17.03.2020 8:51:41:::54,45: php5.4.45
17.03.2020 8:51:41:::55,38: php5.5.38
17.03.2020 8:51:41:::56: php5.6.0
17.03.2020 8:51:41:::56,37: php5.6.37
17.03.2020 8:51:41:::70: php7.0.0
17.03.2020 8:51:41:::70,31: php7.0.31
17.03.2020 8:51:41:::71: php7.1.0
17.03.2020 8:51:41:::71,2: php7.1.20
17.03.2020 8:51:41:::72,01: php7.2.1
17.03.2020 8:51:41:::72,08: php7.2.8
17.03.2020 8:51:41:::72,1: php7.2.10
17.03.2020 8:51:41:::72,14: php7.2.14
17.03.2020 8:51:41:::73: php7.3.0
17.03.2020 8:51:41:::73,07: php7.3.7
17.03.2020 8:51:41:::PHPVerionsDictFinal count:15
17.03.2020 8:51:41:::GetAllFileNamesFromDirectory count:16
17.03.2020 8:51:41:::final string:53.23
17.03.2020 8:51:41:::finald:53,23
17.03.2020 8:51:41:::final string:54.45
17.03.2020 8:51:41:::finald:54,45
17.03.2020 8:51:41:::final string:55.38
17.03.2020 8:51:41:::finald:55,38
17.03.2020 8:51:41:::final string:56.00
17.03.2020 8:51:41:::finald:56
17.03.2020 8:51:41:::final string:56.37
17.03.2020 8:51:41:::finald:56,37
17.03.2020 8:51:41:::final string:70.00
17.03.2020 8:51:41:::finald:70
17.03.2020 8:51:41:::final string:70.31
17.03.2020 8:51:41:::finald:70,31
17.03.2020 8:51:41:::final string:71.00
17.03.2020 8:51:41:::finald:71
17.03.2020 8:51:41:::final string:71.20
17.03.2020 8:51:41:::finald:71,2
17.03.2020 8:51:41:::final string:72.01
17.03.2020 8:51:41:::finald:72,01
17.03.2020 8:51:41:::final string:72.10
17.03.2020 8:51:41:::finald:72,1
17.03.2020 8:51:41:::final string:72.14
17.03.2020 8:51:41:::finald:72,14
17.03.2020 8:51:41:::final string:72.08
17.03.2020 8:51:41:::finald:72,08
17.03.2020 8:51:41:::final string:73.00
17.03.2020 8:51:41:::finald:73
17.03.2020 8:51:41:::final string:73.07
17.03.2020 8:51:41:::finald:73,07
17.03.2020 8:51:41:::PHPVerionsDict count:System.Collections.Generic.Dictionary`2[System.Double,System.String]
17.03.2020 8:51:41:::73,07: php7.3.7
17.03.2020 8:51:41:::73: php7.3.0
17.03.2020 8:51:41:::72,14: php7.2.14
17.03.2020 8:51:41:::72,1: php7.2.10
17.03.2020 8:51:41:::72,08: php7.2.8
17.03.2020 8:51:41:::72,01: php7.2.1
17.03.2020 8:51:41:::71,2: php7.1.20
17.03.2020 8:51:41:::71: php7.1.0
17.03.2020 8:51:41:::70,31: php7.0.31
17.03.2020 8:51:41:::70: php7.0.0
17.03.2020 8:51:41:::56,37: php5.6.37
17.03.2020 8:51:41:::56: php5.6.0
17.03.2020 8:51:41:::55,38: php5.5.38
17.03.2020 8:51:41:::54,45: php5.4.45
17.03.2020 8:51:41:::53,23: php5.3.23
17.03.2020 8:51:41:::PHPVerionsDictFinal count:15
17.03.2020 8:51:41:::PHP else check.
17.03.2020 8:51:41:::GetAllFileNamesFromDirectory count:16
17.03.2020 8:51:41:::final string:53.23
17.03.2020 8:51:41:::finald:53,23
17.03.2020 8:51:41:::final string:54.45
17.03.2020 8:51:41:::finald:54,45
17.03.2020 8:51:41:::final string:55.38
17.03.2020 8:51:41:::finald:55,38
17.03.2020 8:51:41:::final string:56.00
17.03.2020 8:51:41:::finald:56
17.03.2020 8:51:41:::final string:56.37
17.03.2020 8:51:41:::finald:56,37
17.03.2020 8:51:41:::final string:70.00
17.03.2020 8:51:41:::finald:70
17.03.2020 8:51:41:::final string:70.31
17.03.2020 8:51:41:::finald:70,31
17.03.2020 8:51:41:::final string:71.00
17.03.2020 8:51:41:::finald:71
17.03.2020 8:51:41:::final string:71.20
17.03.2020 8:51:41:::finald:71,2
17.03.2020 8:51:41:::final string:72.01
17.03.2020 8:51:41:::finald:72,01
17.03.2020 8:51:41:::final string:72.10
17.03.2020 8:51:41:::finald:72,1
17.03.2020 8:51:41:::final string:72.14
17.03.2020 8:51:41:::finald:72,14
17.03.2020 8:51:41:::final string:72.08
17.03.2020 8:51:41:::finald:72,08
17.03.2020 8:51:41:::final string:73.00
17.03.2020 8:51:41:::finald:73
17.03.2020 8:51:41:::final string:73.07
17.03.2020 8:51:41:::finald:73,07
17.03.2020 8:51:41:::PHPVerionsDict count:System.Collections.Generic.Dictionary`2[System.Double,System.String]
17.03.2020 8:51:41:::73,07: php7.3.7
17.03.2020 8:51:41:::73: php7.3.0
17.03.2020 8:51:41:::72,14: php7.2.14
17.03.2020 8:51:41:::72,1: php7.2.10
17.03.2020 8:51:41:::72,08: php7.2.8
17.03.2020 8:51:41:::72,01: php7.2.1
17.03.2020 8:51:41:::71,2: php7.1.20
17.03.2020 8:51:41:::71: php7.1.0
17.03.2020 8:51:41:::70,31: php7.0.31
17.03.2020 8:51:41:::70: php7.0.0
17.03.2020 8:51:41:::56,37: php5.6.37
17.03.2020 8:51:41:::56: php5.6.0
17.03.2020 8:51:41:::55,38: php5.5.38
17.03.2020 8:51:41:::54,45: php5.4.45
17.03.2020 8:51:41:::53,23: php5.3.23
17.03.2020 8:51:41:::PHPVerionsDictFinal count:15
17.03.2020 8:51:41:::LoadTextFromFile from phpConf.
17.03.2020 8:51:41:::apacheConf: C:\MAMP\conf\apache\httpd.conf
17.03.2020 8:51:41:::mysqlConf: C:\MAMP\conf\mysql\my.ini
17.03.2020 8:51:41:::phpConf: C:\MAMP\conf\php7.3.7\php.ini
17.03.2020 8:51:41:::phpmyAdminConf: C:\MAMP\bin\phpMyAdmin\config.inc.php
17.03.2020 8:51:41:::NginxConfText: C:\MAMP\conf\nginx\nginx.conf
17.03.2020 8:51:41:::apacheConfText: #
# This is the mai
17.03.2020 8:51:41:::mysqlConfText: # Example MySQL conf
17.03.2020 8:51:41:::phpConfText: [PHP]

;;;;;;;;;;;
17.03.2020 8:51:41:::phpmyAdminConfText: <?php
/* vim: set ex
17.03.2020 8:51:41:::NginxConfText: #user               
17.03.2020 8:51:41:::MySQLDataDir is: C:/MAMP/db/mysql/
17.03.2020 8:51:41:::mampPath: C:\MAMP\
17.03.2020 8:51:41:::Loading conf files.
17.03.2020 8:51:41:::apacheConfText: #
# This is the mai
17.03.2020 8:51:41:::mysqlConfText: # Example MySQL conf
17.03.2020 8:51:41:::mysqlConfText: #user               
17.03.2020 8:51:41:::GetPHPversion.
17.03.2020 8:51:41:::Apache version set is: 2_2
17.03.2020 8:51:41:::phpverFromApache is:php7.0.9
17.03.2020 8:51:41:::GetAllFileNamesFromDirectory count:16
17.03.2020 8:51:41:::final string:53.23
17.03.2020 8:51:41:::finald:53,23
17.03.2020 8:51:41:::final string:54.45
17.03.2020 8:51:41:::finald:54,45
17.03.2020 8:51:41:::final string:55.38
17.03.2020 8:51:41:::finald:55,38
17.03.2020 8:51:41:::final string:56.00
17.03.2020 8:51:41:::finald:56
17.03.2020 8:51:41:::final string:56.37
17.03.2020 8:51:41:::finald:56,37
17.03.2020 8:51:41:::final string:70.00
17.03.2020 8:51:41:::finald:70
17.03.2020 8:51:41:::final string:70.31
17.03.2020 8:51:41:::finald:70,31
17.03.2020 8:51:41:::final string:71.00
17.03.2020 8:51:41:::finald:71
17.03.2020 8:51:41:::final string:71.20
17.03.2020 8:51:41:::finald:71,2
17.03.2020 8:51:41:::final string:72.01
17.03.2020 8:51:41:::finald:72,01
17.03.2020 8:51:41:::final string:72.10
17.03.2020 8:51:41:::finald:72,1
17.03.2020 8:51:41:::final string:72.14
17.03.2020 8:51:41:::finald:72,14
17.03.2020 8:51:41:::final string:72.08
17.03.2020 8:51:41:::finald:72,08
17.03.2020 8:51:41:::final string:73.00
17.03.2020 8:51:41:::finald:73
17.03.2020 8:51:41:::final string:73.07
17.03.2020 8:51:41:::finald:73,07
17.03.2020 8:51:41:::PHPVerionsDict count:System.Collections.Generic.Dictionary`2[System.Double,System.String]
17.03.2020 8:51:41:::53,23: php5.3.23
17.03.2020 8:51:41:::54,45: php5.4.45
17.03.2020 8:51:41:::55,38: php5.5.38
17.03.2020 8:51:41:::56: php5.6.0
17.03.2020 8:51:41:::56,37: php5.6.37
17.03.2020 8:51:41:::70: php7.0.0
17.03.2020 8:51:41:::70,31: php7.0.31
17.03.2020 8:51:41:::71: php7.1.0
17.03.2020 8:51:41:::71,2: php7.1.20
17.03.2020 8:51:41:::72,01: php7.2.1
17.03.2020 8:51:41:::72,08: php7.2.8
17.03.2020 8:51:41:::72,1: php7.2.10
17.03.2020 8:51:41:::72,14: php7.2.14
17.03.2020 8:51:41:::73: php7.3.0
17.03.2020 8:51:41:::73,07: php7.3.7
17.03.2020 8:51:41:::PHPVerionsDictFinal count:15
17.03.2020 8:51:41:::GetPhpMin.php7.2.14
17.03.2020 8:51:41:::GetAllFileNamesFromDirectory count:16
17.03.2020 8:51:41:::final string:53.23
17.03.2020 8:51:41:::finald:53,23
17.03.2020 8:51:41:::final string:54.45
17.03.2020 8:51:41:::finald:54,45
17.03.2020 8:51:41:::final string:55.38
17.03.2020 8:51:41:::finald:55,38
17.03.2020 8:51:41:::final string:56.00
17.03.2020 8:51:41:::finald:56
17.03.2020 8:51:41:::final string:56.37
17.03.2020 8:51:41:::finald:56,37
17.03.2020 8:51:41:::final string:70.00
17.03.2020 8:51:41:::finald:70
17.03.2020 8:51:41:::final string:70.31
17.03.2020 8:51:41:::finald:70,31
17.03.2020 8:51:41:::final string:71.00
17.03.2020 8:51:41:::finald:71
17.03.2020 8:51:41:::final string:71.20
17.03.2020 8:51:41:::finald:71,2
17.03.2020 8:51:41:::final string:72.01
17.03.2020 8:51:41:::finald:72,01
17.03.2020 8:51:41:::final string:72.10
17.03.2020 8:51:41:::finald:72,1
17.03.2020 8:51:41:::final string:72.14
17.03.2020 8:51:41:::finald:72,14
17.03.2020 8:51:41:::final string:72.08
17.03.2020 8:51:41:::finald:72,08
17.03.2020 8:51:41:::final string:73.00
17.03.2020 8:51:41:::finald:73
17.03.2020 8:51:41:::final string:73.07
17.03.2020 8:51:41:::finald:73,07
17.03.2020 8:51:41:::PHPVerionsDict count:System.Collections.Generic.Dictionary`2[System.Double,System.String]
17.03.2020 8:51:41:::73,07: php7.3.7
17.03.2020 8:51:41:::73: php7.3.0
17.03.2020 8:51:41:::72,14: php7.2.14
17.03.2020 8:51:41:::72,1: php7.2.10
17.03.2020 8:51:41:::72,08: php7.2.8
17.03.2020 8:51:41:::72,01: php7.2.1
17.03.2020 8:51:41:::71,2: php7.1.20
17.03.2020 8:51:41:::71: php7.1.0
17.03.2020 8:51:41:::70,31: php7.0.31
17.03.2020 8:51:41:::70: php7.0.0
17.03.2020 8:51:41:::56,37: php5.6.37
17.03.2020 8:51:41:::56: php5.6.0
17.03.2020 8:51:41:::55,38: php5.5.38
17.03.2020 8:51:41:::54,45: php5.4.45
17.03.2020 8:51:41:::53,23: php5.3.23
17.03.2020 8:51:41:::PHPVerionsDictFinal count:15
17.03.2020 8:51:41:::GetPhpMax.php7.3.7
17.03.2020 8:51:41:::GetAllFileNamesFromDirectory count:16
17.03.2020 8:51:41:::final string:53.23
17.03.2020 8:51:41:::finald:53,23
17.03.2020 8:51:41:::final string:54.45
17.03.2020 8:51:41:::finald:54,45
17.03.2020 8:51:41:::final string:55.38
17.03.2020 8:51:41:::finald:55,38
17.03.2020 8:51:41:::final string:56.00
17.03.2020 8:51:41:::finald:56
17.03.2020 8:51:41:::final string:56.37
17.03.2020 8:51:41:::finald:56,37
17.03.2020 8:51:41:::final string:70.00
17.03.2020 8:51:41:::finald:70
17.03.2020 8:51:41:::final string:70.31
17.03.2020 8:51:41:::finald:70,31
17.03.2020 8:51:41:::final string:71.00
17.03.2020 8:51:41:::finald:71
17.03.2020 8:51:41:::final string:71.20
17.03.2020 8:51:41:::finald:71,2
17.03.2020 8:51:41:::final string:72.01
17.03.2020 8:51:41:::finald:72,01
17.03.2020 8:51:41:::final string:72.10
17.03.2020 8:51:41:::finald:72,1
17.03.2020 8:51:41:::final string:72.14
17.03.2020 8:51:41:::finald:72,14
17.03.2020 8:51:41:::final string:72.08
17.03.2020 8:51:41:::finald:72,08
17.03.2020 8:51:41:::final string:73.00
17.03.2020 8:51:41:::finald:73
17.03.2020 8:51:41:::final string:73.07
17.03.2020 8:51:41:::finald:73,07
17.03.2020 8:51:41:::PHPVerionsDict count:System.Collections.Generic.Dictionary`2[System.Double,System.String]
17.03.2020 8:51:41:::53,23: php5.3.23
17.03.2020 8:51:41:::54,45: php5.4.45
17.03.2020 8:51:41:::55,38: php5.5.38
17.03.2020 8:51:41:::56: php5.6.0
17.03.2020 8:51:41:::56,37: php5.6.37
17.03.2020 8:51:41:::70: php7.0.0
17.03.2020 8:51:41:::70,31: php7.0.31
17.03.2020 8:51:41:::71: php7.1.0
17.03.2020 8:51:41:::71,2: php7.1.20
17.03.2020 8:51:41:::72,01: php7.2.1
17.03.2020 8:51:41:::72,08: php7.2.8
17.03.2020 8:51:41:::72,1: php7.2.10
17.03.2020 8:51:41:::72,14: php7.2.14
17.03.2020 8:51:41:::73: php7.3.0
17.03.2020 8:51:41:::73,07: php7.3.7
17.03.2020 8:51:41:::PHPVerionsDictFinal count:15
17.03.2020 8:51:41:::GetAllFileNamesFromDirectory count:16
17.03.2020 8:51:41:::final string:53.23
17.03.2020 8:51:41:::finald:53,23
17.03.2020 8:51:41:::final string:54.45
17.03.2020 8:51:41:::finald:54,45
17.03.2020 8:51:41:::final string:55.38
17.03.2020 8:51:41:::finald:55,38
17.03.2020 8:51:41:::final string:56.00
17.03.2020 8:51:41:::finald:56
17.03.2020 8:51:41:::final string:56.37
17.03.2020 8:51:41:::finald:56,37
17.03.2020 8:51:41:::final string:70.00
17.03.2020 8:51:41:::finald:70
17.03.2020 8:51:41:::final string:70.31
17.03.2020 8:51:41:::finald:70,31
17.03.2020 8:51:41:::final string:71.00
17.03.2020 8:51:41:::finald:71
17.03.2020 8:51:41:::final string:71.20
17.03.2020 8:51:41:::finald:71,2
17.03.2020 8:51:41:::final string:72.01
17.03.2020 8:51:41:::finald:72,01
17.03.2020 8:51:41:::final string:72.10
17.03.2020 8:51:41:::finald:72,1
17.03.2020 8:51:41:::final string:72.14
17.03.2020 8:51:41:::finald:72,14
17.03.2020 8:51:41:::final string:72.08
17.03.2020 8:51:41:::finald:72,08
17.03.2020 8:51:41:::final string:73.00
17.03.2020 8:51:41:::finald:73
17.03.2020 8:51:41:::final string:73.07
17.03.2020 8:51:41:::finald:73,07
17.03.2020 8:51:41:::PHPVerionsDict count:System.Collections.Generic.Dictionary`2[System.Double,System.String]
17.03.2020 8:51:41:::73,07: php7.3.7
17.03.2020 8:51:41:::73: php7.3.0
17.03.2020 8:51:41:::72,14: php7.2.14
17.03.2020 8:51:41:::72,1: php7.2.10
17.03.2020 8:51:41:::72,08: php7.2.8
17.03.2020 8:51:41:::72,01: php7.2.1
17.03.2020 8:51:41:::71,2: php7.1.20
17.03.2020 8:51:41:::71: php7.1.0
17.03.2020 8:51:41:::70,31: php7.0.31
17.03.2020 8:51:41:::70: php7.0.0
17.03.2020 8:51:41:::56,37: php5.6.37
17.03.2020 8:51:41:::56: php5.6.0
17.03.2020 8:51:41:::55,38: php5.5.38
17.03.2020 8:51:41:::54,45: php5.4.45
17.03.2020 8:51:41:::53,23: php5.3.23
17.03.2020 8:51:41:::PHPVerionsDictFinal count:15
17.03.2020 8:51:41:::PHP else check.
17.03.2020 8:51:41:::GetAllFileNamesFromDirectory count:16
17.03.2020 8:51:41:::final string:53.23
17.03.2020 8:51:41:::finald:53,23
17.03.2020 8:51:41:::final string:54.45
17.03.2020 8:51:41:::finald:54,45
17.03.2020 8:51:41:::final string:55.38
17.03.2020 8:51:41:::finald:55,38
17.03.2020 8:51:41:::final string:56.00
17.03.2020 8:51:41:::finald:56
17.03.2020 8:51:41:::final string:56.37
17.03.2020 8:51:41:::finald:56,37
17.03.2020 8:51:41:::final string:70.00
17.03.2020 8:51:41:::finald:70
17.03.2020 8:51:41:::final string:70.31
17.03.2020 8:51:41:::finald:70,31
17.03.2020 8:51:41:::final string:71.00
17.03.2020 8:51:41:::finald:71
17.03.2020 8:51:41:::final string:71.20
17.03.2020 8:51:41:::finald:71,2
17.03.2020 8:51:41:::final string:72.01
17.03.2020 8:51:41:::finald:72,01
17.03.2020 8:51:41:::final string:72.10
17.03.2020 8:51:41:::finald:72,1
17.03.2020 8:51:41:::final string:72.14
17.03.2020 8:51:41:::finald:72,14
17.03.2020 8:51:41:::final string:72.08
17.03.2020 8:51:41:::finald:72,08
17.03.2020 8:51:41:::final string:73.00
17.03.2020 8:51:41:::finald:73
17.03.2020 8:51:41:::final string:73.07
17.03.2020 8:51:41:::finald:73,07
17.03.2020 8:51:41:::PHPVerionsDict count:System.Collections.Generic.Dictionary`2[System.Double,System.String]
17.03.2020 8:51:41:::73,07: php7.3.7
17.03.2020 8:51:41:::73: php7.3.0
17.03.2020 8:51:41:::72,14: php7.2.14
17.03.2020 8:51:41:::72,1: php7.2.10
17.03.2020 8:51:41:::72,08: php7.2.8
17.03.2020 8:51:41:::72,01: php7.2.1
17.03.2020 8:51:41:::71,2: php7.1.20
17.03.2020 8:51:41:::71: php7.1.0
17.03.2020 8:51:41:::70,31: php7.0.31
17.03.2020 8:51:41:::70: php7.0.0
17.03.2020 8:51:41:::56,37: php5.6.37
17.03.2020 8:51:41:::56: php5.6.0
17.03.2020 8:51:41:::55,38: php5.5.38
17.03.2020 8:51:41:::54,45: php5.4.45
17.03.2020 8:51:41:::53,23: php5.3.23
17.03.2020 8:51:41:::PHPVerionsDictFinal count:15
17.03.2020 8:51:41:::LoadTextFromFile from phpConf.
17.03.2020 8:51:41:::apacheConf: C:\MAMP\conf\apache\httpd.conf
17.03.2020 8:51:41:::mysqlConf: C:\MAMP\conf\mysql\my.ini
17.03.2020 8:51:41:::phpConf: C:\MAMP\conf\php7.3.7\php.ini
17.03.2020 8:51:41:::phpmyAdminConf: C:\MAMP\bin\phpMyAdmin\config.inc.php
17.03.2020 8:51:41:::NginxConfText: C:\MAMP\conf\nginx\nginx.conf
17.03.2020 8:51:41:::apacheConfText: #
# This is the mai
17.03.2020 8:51:41:::mysqlConfText: # Example MySQL conf
17.03.2020 8:51:41:::phpConfText: [PHP]

;;;;;;;;;;;
17.03.2020 8:51:41:::phpmyAdminConfText: <?php
/* vim: set ex
17.03.2020 8:51:41:::NginxConfText: #user               
17.03.2020 8:51:41:::MySQLDataDir is: C:/MAMP/db/mysql/
17.03.2020 8:51:41:::GetAllFileNamesFromDirectory count:16
17.03.2020 8:51:41:::final string:53.23
17.03.2020 8:51:41:::finald:53,23
17.03.2020 8:51:41:::final string:54.45
17.03.2020 8:51:41:::finald:54,45
17.03.2020 8:51:41:::final string:55.38
17.03.2020 8:51:41:::finald:55,38
17.03.2020 8:51:41:::final string:56.00
17.03.2020 8:51:41:::finald:56
17.03.2020 8:51:41:::final string:56.37
17.03.2020 8:51:41:::finald:56,37
17.03.2020 8:51:41:::final string:70.00
17.03.2020 8:51:41:::finald:70
17.03.2020 8:51:41:::final string:70.31
17.03.2020 8:51:41:::finald:70,31
17.03.2020 8:51:41:::final string:71.00
17.03.2020 8:51:41:::finald:71
17.03.2020 8:51:41:::final string:71.20
17.03.2020 8:51:41:::finald:71,2
17.03.2020 8:51:41:::final string:72.01
17.03.2020 8:51:41:::finald:72,01
17.03.2020 8:51:41:::final string:72.10
17.03.2020 8:51:41:::finald:72,1
17.03.2020 8:51:41:::final string:72.14
17.03.2020 8:51:41:::finald:72,14
17.03.2020 8:51:41:::final string:72.08
17.03.2020 8:51:41:::finald:72,08
17.03.2020 8:51:41:::final string:73.00
17.03.2020 8:51:41:::finald:73
17.03.2020 8:51:41:::final string:73.07
17.03.2020 8:51:41:::finald:73,07
17.03.2020 8:51:41:::PHPVerionsDict count:System.Collections.Generic.Dictionary`2[System.Double,System.String]
17.03.2020 8:51:41:::53,23: php5.3.23
17.03.2020 8:51:41:::54,45: php5.4.45
17.03.2020 8:51:41:::55,38: php5.5.38
17.03.2020 8:51:41:::56: php5.6.0
17.03.2020 8:51:41:::56,37: php5.6.37
17.03.2020 8:51:41:::70: php7.0.0
17.03.2020 8:51:41:::70,31: php7.0.31
17.03.2020 8:51:41:::71: php7.1.0
17.03.2020 8:51:41:::71,2: php7.1.20
17.03.2020 8:51:41:::72,01: php7.2.1
17.03.2020 8:51:41:::72,08: php7.2.8
17.03.2020 8:51:41:::72,1: php7.2.10
17.03.2020 8:51:41:::72,14: php7.2.14
17.03.2020 8:51:41:::73: php7.3.0
17.03.2020 8:51:41:::73,07: php7.3.7
17.03.2020 8:51:41:::PHPVerionsDictFinal count:15
17.03.2020 8:51:42:::Checking if current php version is valid.
17.03.2020 8:51:42:::Current PHP Version does not exist: php7.0.9
17.03.2020 8:51:42:::Loading conf files.
17.03.2020 8:51:42:::apacheConfText: #
# This is the mai
17.03.2020 8:51:42:::mysqlConfText: # Example MySQL conf
17.03.2020 8:51:42:::mysqlConfText: #user               
17.03.2020 8:51:42:::GetPHPversion.
17.03.2020 8:51:42:::Apache version set is: 2_2
17.03.2020 8:51:42:::phpverFromApache is:php7.0.9
17.03.2020 8:51:42:::GetAllFileNamesFromDirectory count:16
17.03.2020 8:51:42:::final string:53.23
17.03.2020 8:51:42:::finald:53,23
17.03.2020 8:51:42:::final string:54.45
17.03.2020 8:51:42:::finald:54,45
17.03.2020 8:51:42:::final string:55.38
17.03.2020 8:51:42:::finald:55,38
17.03.2020 8:51:42:::final string:56.00
17.03.2020 8:51:42:::finald:56
17.03.2020 8:51:42:::final string:56.37
17.03.2020 8:51:42:::finald:56,37
17.03.2020 8:51:42:::final string:70.00
17.03.2020 8:51:42:::finald:70
17.03.2020 8:51:42:::final string:70.31
17.03.2020 8:51:42:::finald:70,31
17.03.2020 8:51:42:::final string:71.00
17.03.2020 8:51:42:::finald:71
17.03.2020 8:51:42:::final string:71.20
17.03.2020 8:51:42:::finald:71,2
17.03.2020 8:51:42:::final string:72.01
17.03.2020 8:51:42:::finald:72,01
17.03.2020 8:51:42:::final string:72.10
17.03.2020 8:51:42:::finald:72,1
17.03.2020 8:51:42:::final string:72.14
17.03.2020 8:51:42:::finald:72,14
17.03.2020 8:51:42:::final string:72.08
17.03.2020 8:51:42:::finald:72,08
17.03.2020 8:51:42:::final string:73.00
17.03.2020 8:51:42:::finald:73
17.03.2020 8:51:42:::final string:73.07
17.03.2020 8:51:42:::finald:73,07
17.03.2020 8:51:42:::PHPVerionsDict count:System.Collections.Generic.Dictionary`2[System.Double,System.String]
17.03.2020 8:51:42:::53,23: php5.3.23
17.03.2020 8:51:42:::54,45: php5.4.45
17.03.2020 8:51:42:::55,38: php5.5.38
17.03.2020 8:51:42:::56: php5.6.0
17.03.2020 8:51:42:::56,37: php5.6.37
17.03.2020 8:51:42:::70: php7.0.0
17.03.2020 8:51:42:::70,31: php7.0.31
17.03.2020 8:51:42:::71: php7.1.0
17.03.2020 8:51:42:::71,2: php7.1.20
17.03.2020 8:51:42:::72,01: php7.2.1
17.03.2020 8:51:42:::72,08: php7.2.8
17.03.2020 8:51:42:::72,1: php7.2.10
17.03.2020 8:51:42:::72,14: php7.2.14
17.03.2020 8:51:42:::73: php7.3.0
17.03.2020 8:51:42:::73,07: php7.3.7
17.03.2020 8:51:42:::PHPVerionsDictFinal count:15
17.03.2020 8:51:42:::GetPhpMin.php7.2.14
17.03.2020 8:51:42:::GetAllFileNamesFromDirectory count:16
17.03.2020 8:51:42:::final string:53.23
17.03.2020 8:51:42:::finald:53,23
17.03.2020 8:51:42:::final string:54.45
17.03.2020 8:51:42:::finald:54,45
17.03.2020 8:51:42:::final string:55.38
17.03.2020 8:51:42:::finald:55,38
17.03.2020 8:51:42:::final string:56.00
17.03.2020 8:51:42:::finald:56
17.03.2020 8:51:42:::final string:56.37
17.03.2020 8:51:42:::finald:56,37
17.03.2020 8:51:42:::final string:70.00
17.03.2020 8:51:42:::finald:70
17.03.2020 8:51:42:::final string:70.31
17.03.2020 8:51:42:::finald:70,31
17.03.2020 8:51:42:::final string:71.00
17.03.2020 8:51:42:::finald:71
17.03.2020 8:51:42:::final string:71.20
17.03.2020 8:51:42:::finald:71,2
17.03.2020 8:51:42:::final string:72.01
17.03.2020 8:51:42:::finald:72,01
17.03.2020 8:51:42:::final string:72.10
17.03.2020 8:51:42:::finald:72,1
17.03.2020 8:51:42:::final string:72.14
17.03.2020 8:51:42:::finald:72,14
17.03.2020 8:51:42:::final string:72.08
17.03.2020 8:51:42:::finald:72,08
17.03.2020 8:51:42:::final string:73.00
17.03.2020 8:51:42:::finald:73
17.03.2020 8:51:42:::final string:73.07
17.03.2020 8:51:42:::finald:73,07
17.03.2020 8:51:42:::PHPVerionsDict count:System.Collections.Generic.Dictionary`2[System.Double,System.String]
17.03.2020 8:51:42:::73,07: php7.3.7
17.03.2020 8:51:42:::73: php7.3.0
17.03.2020 8:51:42:::72,14: php7.2.14
17.03.2020 8:51:42:::72,1: php7.2.10
17.03.2020 8:51:42:::72,08: php7.2.8
17.03.2020 8:51:42:::72,01: php7.2.1
17.03.2020 8:51:42:::71,2: php7.1.20
17.03.2020 8:51:42:::71: php7.1.0
17.03.2020 8:51:42:::70,31: php7.0.31
17.03.2020 8:51:42:::70: php7.0.0
17.03.2020 8:51:42:::56,37: php5.6.37
17.03.2020 8:51:42:::56: php5.6.0
17.03.2020 8:51:42:::55,38: php5.5.38
17.03.2020 8:51:42:::54,45: php5.4.45
17.03.2020 8:51:42:::53,23: php5.3.23
17.03.2020 8:51:42:::PHPVerionsDictFinal count:15
17.03.2020 8:51:42:::GetPhpMax.php7.3.7
17.03.2020 8:51:42:::GetAllFileNamesFromDirectory count:16
17.03.2020 8:51:42:::final string:53.23
17.03.2020 8:51:42:::finald:53,23
17.03.2020 8:51:42:::final string:54.45
17.03.2020 8:51:42:::finald:54,45
17.03.2020 8:51:42:::final string:55.38
17.03.2020 8:51:42:::finald:55,38
17.03.2020 8:51:42:::final string:56.00
17.03.2020 8:51:42:::finald:56
17.03.2020 8:51:42:::final string:56.37
17.03.2020 8:51:42:::finald:56,37
17.03.2020 8:51:42:::final string:70.00
17.03.2020 8:51:42:::finald:70
17.03.2020 8:51:42:::final string:70.31
17.03.2020 8:51:42:::finald:70,31
17.03.2020 8:51:42:::final string:71.00
17.03.2020 8:51:42:::finald:71
17.03.2020 8:51:42:::final string:71.20
17.03.2020 8:51:42:::finald:71,2
17.03.2020 8:51:42:::final string:72.01
17.03.2020 8:51:42:::finald:72,01
17.03.2020 8:51:42:::final string:72.10
17.03.2020 8:51:42:::finald:72,1
17.03.2020 8:51:42:::final string:72.14
17.03.2020 8:51:42:::finald:72,14
17.03.2020 8:51:42:::final string:72.08
17.03.2020 8:51:42:::finald:72,08
17.03.2020 8:51:42:::final string:73.00
17.03.2020 8:51:42:::finald:73
17.03.2020 8:51:42:::final string:73.07
17.03.2020 8:51:42:::finald:73,07
17.03.2020 8:51:42:::PHPVerionsDict count:System.Collections.Generic.Dictionary`2[System.Double,System.String]
17.03.2020 8:51:42:::53,23: php5.3.23
17.03.2020 8:51:42:::54,45: php5.4.45
17.03.2020 8:51:42:::55,38: php5.5.38
17.03.2020 8:51:42:::56: php5.6.0
17.03.2020 8:51:42:::56,37: php5.6.37
17.03.2020 8:51:42:::70: php7.0.0
17.03.2020 8:51:42:::70,31: php7.0.31
17.03.2020 8:51:42:::71: php7.1.0
17.03.2020 8:51:42:::71,2: php7.1.20
17.03.2020 8:51:42:::72,01: php7.2.1
17.03.2020 8:51:42:::72,08: php7.2.8
17.03.2020 8:51:42:::72,1: php7.2.10
17.03.2020 8:51:42:::72,14: php7.2.14
17.03.2020 8:51:42:::73: php7.3.0
17.03.2020 8:51:42:::73,07: php7.3.7
17.03.2020 8:51:42:::PHPVerionsDictFinal count:15
17.03.2020 8:51:42:::GetAllFileNamesFromDirectory count:16
17.03.2020 8:51:42:::final string:53.23
17.03.2020 8:51:42:::finald:53,23
17.03.2020 8:51:42:::final string:54.45
17.03.2020 8:51:42:::finald:54,45
17.03.2020 8:51:42:::final string:55.38
17.03.2020 8:51:42:::finald:55,38
17.03.2020 8:51:42:::final string:56.00
17.03.2020 8:51:42:::finald:56
17.03.2020 8:51:42:::final string:56.37
17.03.2020 8:51:42:::finald:56,37
17.03.2020 8:51:42:::final string:70.00
17.03.2020 8:51:42:::finald:70
17.03.2020 8:51:42:::final string:70.31
17.03.2020 8:51:42:::finald:70,31
17.03.2020 8:51:42:::final string:71.00
17.03.2020 8:51:42:::finald:71
17.03.2020 8:51:42:::final string:71.20
17.03.2020 8:51:42:::finald:71,2
17.03.2020 8:51:42:::final string:72.01
17.03.2020 8:51:42:::finald:72,01
17.03.2020 8:51:42:::final string:72.10
17.03.2020 8:51:42:::finald:72,1
17.03.2020 8:51:42:::final string:72.14
17.03.2020 8:51:42:::finald:72,14
17.03.2020 8:51:42:::final string:72.08
17.03.2020 8:51:42:::finald:72,08
17.03.2020 8:51:42:::final string:73.00
17.03.2020 8:51:42:::finald:73
17.03.2020 8:51:42:::final string:73.07
17.03.2020 8:51:42:::finald:73,07
17.03.2020 8:51:42:::PHPVerionsDict count:System.Collections.Generic.Dictionary`2[System.Double,System.String]
17.03.2020 8:51:42:::73,07: php7.3.7
17.03.2020 8:51:42:::73: php7.3.0
17.03.2020 8:51:42:::72,14: php7.2.14
17.03.2020 8:51:42:::72,1: php7.2.10
17.03.2020 8:51:42:::72,08: php7.2.8
17.03.2020 8:51:42:::72,01: php7.2.1
17.03.2020 8:51:42:::71,2: php7.1.20
17.03.2020 8:51:42:::71: php7.1.0
17.03.2020 8:51:42:::70,31: php7.0.31
17.03.2020 8:51:42:::70: php7.0.0
17.03.2020 8:51:42:::56,37: php5.6.37
17.03.2020 8:51:42:::56: php5.6.0
17.03.2020 8:51:42:::55,38: php5.5.38
17.03.2020 8:51:42:::54,45: php5.4.45
17.03.2020 8:51:42:::53,23: php5.3.23
17.03.2020 8:51:42:::PHPVerionsDictFinal count:15
17.03.2020 8:51:42:::PHP else check.
17.03.2020 8:51:42:::GetAllFileNamesFromDirectory count:16
17.03.2020 8:51:42:::final string:53.23
17.03.2020 8:51:42:::finald:53,23
17.03.2020 8:51:42:::final string:54.45
17.03.2020 8:51:42:::finald:54,45
17.03.2020 8:51:42:::final string:55.38
17.03.2020 8:51:42:::finald:55,38
17.03.2020 8:51:42:::final string:56.00
17.03.2020 8:51:42:::finald:56
17.03.2020 8:51:42:::final string:56.37
17.03.2020 8:51:42:::finald:56,37
17.03.2020 8:51:42:::final string:70.00
17.03.2020 8:51:42:::finald:70
17.03.2020 8:51:42:::final string:70.31
17.03.2020 8:51:42:::finald:70,31
17.03.2020 8:51:42:::final string:71.00
17.03.2020 8:51:42:::finald:71
17.03.2020 8:51:42:::final string:71.20
17.03.2020 8:51:42:::finald:71,2
17.03.2020 8:51:42:::final string:72.01
17.03.2020 8:51:42:::finald:72,01
17.03.2020 8:51:42:::final string:72.10
17.03.2020 8:51:42:::finald:72,1
17.03.2020 8:51:42:::final string:72.14
17.03.2020 8:51:42:::finald:72,14
17.03.2020 8:51:42:::final string:72.08
17.03.2020 8:51:42:::finald:72,08
17.03.2020 8:51:42:::final string:73.00
17.03.2020 8:51:42:::finald:73
17.03.2020 8:51:42:::final string:73.07
17.03.2020 8:51:42:::finald:73,07
17.03.2020 8:51:42:::PHPVerionsDict count:System.Collections.Generic.Dictionary`2[System.Double,System.String]
17.03.2020 8:51:42:::73,07: php7.3.7
17.03.2020 8:51:42:::73: php7.3.0
17.03.2020 8:51:42:::72,14: php7.2.14
17.03.2020 8:51:42:::72,1: php7.2.10
17.03.2020 8:51:42:::72,08: php7.2.8
17.03.2020 8:51:42:::72,01: php7.2.1
17.03.2020 8:51:42:::71,2: php7.1.20
17.03.2020 8:51:42:::71: php7.1.0
17.03.2020 8:51:42:::70,31: php7.0.31
17.03.2020 8:51:42:::70: php7.0.0
17.03.2020 8:51:42:::56,37: php5.6.37
17.03.2020 8:51:42:::56: php5.6.0
17.03.2020 8:51:42:::55,38: php5.5.38
17.03.2020 8:51:42:::54,45: php5.4.45
17.03.2020 8:51:42:::53,23: php5.3.23
17.03.2020 8:51:42:::PHPVerionsDictFinal count:15
17.03.2020 8:51:42:::LoadTextFromFile from phpConf.
17.03.2020 8:51:42:::apacheConf: C:\MAMP\conf\apache\httpd.conf
17.03.2020 8:51:42:::mysqlConf: C:\MAMP\conf\mysql\my.ini
17.03.2020 8:51:42:::phpConf: C:\MAMP\conf\php7.3.7\php.ini
17.03.2020 8:51:42:::phpmyAdminConf: C:\MAMP\bin\phpMyAdmin\config.inc.php
17.03.2020 8:51:42:::NginxConfText: C:\MAMP\conf\nginx\nginx.conf
17.03.2020 8:51:42:::apacheConfText: #
# This is the mai
17.03.2020 8:51:42:::mysqlConfText: # Example MySQL conf
17.03.2020 8:51:42:::phpConfText: [PHP]

;;;;;;;;;;;
17.03.2020 8:51:42:::phpmyAdminConfText: <?php
/* vim: set ex
17.03.2020 8:51:42:::NginxConfText: #user               
17.03.2020 8:51:42:::MySQLDataDir is: C:/MAMP/db/mysql/
17.03.2020 8:51:42:::apache section reconfig!
17.03.2020 8:51:42:::GetAllFileNamesFromDirectory count:16
17.03.2020 8:51:42:::final string:53.23
17.03.2020 8:51:42:::finald:53,23
17.03.2020 8:51:42:::final string:54.45
17.03.2020 8:51:42:::finald:54,45
17.03.2020 8:51:42:::final string:55.38
17.03.2020 8:51:42:::finald:55,38
17.03.2020 8:51:42:::final string:56.00
17.03.2020 8:51:42:::finald:56
17.03.2020 8:51:42:::final string:56.37
17.03.2020 8:51:42:::finald:56,37
17.03.2020 8:51:42:::final string:70.00
17.03.2020 8:51:42:::finald:70
17.03.2020 8:51:42:::final string:70.31
17.03.2020 8:51:42:::finald:70,31
17.03.2020 8:51:42:::final string:71.00
17.03.2020 8:51:42:::finald:71
17.03.2020 8:51:42:::final string:71.20
17.03.2020 8:51:42:::finald:71,2
17.03.2020 8:51:42:::final string:72.01
17.03.2020 8:51:42:::finald:72,01
17.03.2020 8:51:42:::final string:72.10
17.03.2020 8:51:42:::finald:72,1
17.03.2020 8:51:42:::final string:72.14
17.03.2020 8:51:42:::finald:72,14
17.03.2020 8:51:42:::final string:72.08
17.03.2020 8:51:42:::finald:72,08
17.03.2020 8:51:42:::final string:73.00
17.03.2020 8:51:42:::finald:73
17.03.2020 8:51:42:::final string:73.07
17.03.2020 8:51:42:::finald:73,07
17.03.2020 8:51:42:::PHPVerionsDict count:System.Collections.Generic.Dictionary`2[System.Double,System.String]
17.03.2020 8:51:42:::53,23: php5.3.23
17.03.2020 8:51:42:::54,45: php5.4.45
17.03.2020 8:51:42:::55,38: php5.5.38
17.03.2020 8:51:42:::56: php5.6.0
17.03.2020 8:51:42:::56,37: php5.6.37
17.03.2020 8:51:42:::70: php7.0.0
17.03.2020 8:51:42:::70,31: php7.0.31
17.03.2020 8:51:42:::71: php7.1.0
17.03.2020 8:51:42:::71,2: php7.1.20
17.03.2020 8:51:42:::72,01: php7.2.1
17.03.2020 8:51:42:::72,08: php7.2.8
17.03.2020 8:51:42:::72,1: php7.2.10
17.03.2020 8:51:42:::72,14: php7.2.14
17.03.2020 8:51:42:::73: php7.3.0
17.03.2020 8:51:42:::73,07: php7.3.7
17.03.2020 8:51:42:::PHPVerionsDictFinal count:15
17.03.2020 8:51:42:::GetAllFileNamesFromDirectory count:16
17.03.2020 8:51:42:::final string:53.23
17.03.2020 8:51:42:::finald:53,23
17.03.2020 8:51:42:::final string:54.45
17.03.2020 8:51:42:::finald:54,45
17.03.2020 8:51:42:::final string:55.38
17.03.2020 8:51:42:::finald:55,38
17.03.2020 8:51:42:::final string:56.00
17.03.2020 8:51:42:::finald:56
17.03.2020 8:51:42:::final string:56.37
17.03.2020 8:51:42:::finald:56,37
17.03.2020 8:51:42:::final string:70.00
17.03.2020 8:51:42:::finald:70
17.03.2020 8:51:42:::final string:70.31
17.03.2020 8:51:42:::finald:70,31
17.03.2020 8:51:42:::final string:71.00
17.03.2020 8:51:42:::finald:71
17.03.2020 8:51:42:::final string:71.20
17.03.2020 8:51:42:::finald:71,2
17.03.2020 8:51:42:::final string:72.01
17.03.2020 8:51:42:::finald:72,01
17.03.2020 8:51:42:::final string:72.10
17.03.2020 8:51:42:::finald:72,1
17.03.2020 8:51:42:::final string:72.14
17.03.2020 8:51:42:::finald:72,14
17.03.2020 8:51:42:::final string:72.08
17.03.2020 8:51:42:::finald:72,08
17.03.2020 8:51:42:::final string:73.00
17.03.2020 8:51:42:::finald:73
17.03.2020 8:51:42:::final string:73.07
17.03.2020 8:51:42:::finald:73,07
17.03.2020 8:51:42:::PHPVerionsDict count:System.Collections.Generic.Dictionary`2[System.Double,System.String]
17.03.2020 8:51:42:::73,07: php7.3.7
17.03.2020 8:51:42:::73: php7.3.0
17.03.2020 8:51:42:::72,14: php7.2.14
17.03.2020 8:51:42:::72,1: php7.2.10
17.03.2020 8:51:42:::72,08: php7.2.8
17.03.2020 8:51:42:::72,01: php7.2.1
17.03.2020 8:51:42:::71,2: php7.1.20
17.03.2020 8:51:42:::71: php7.1.0
17.03.2020 8:51:42:::70,31: php7.0.31
17.03.2020 8:51:42:::70: php7.0.0
17.03.2020 8:51:42:::56,37: php5.6.37
17.03.2020 8:51:42:::56: php5.6.0
17.03.2020 8:51:42:::55,38: php5.5.38
17.03.2020 8:51:42:::54,45: php5.4.45
17.03.2020 8:51:42:::53,23: php5.3.23
17.03.2020 8:51:42:::PHPVerionsDictFinal count:15
17.03.2020 8:51:42:::GetAllFileNamesFromDirectory count:16
17.03.2020 8:51:42:::final string:53.23
17.03.2020 8:51:42:::finald:53,23
17.03.2020 8:51:42:::final string:54.45
17.03.2020 8:51:42:::finald:54,45
17.03.2020 8:51:42:::final string:55.38
17.03.2020 8:51:42:::finald:55,38
17.03.2020 8:51:42:::final string:56.00
17.03.2020 8:51:42:::finald:56
17.03.2020 8:51:42:::final string:56.37
17.03.2020 8:51:42:::finald:56,37
17.03.2020 8:51:42:::final string:70.00
17.03.2020 8:51:42:::finald:70
17.03.2020 8:51:42:::final string:70.31
17.03.2020 8:51:42:::finald:70,31
17.03.2020 8:51:42:::final string:71.00
17.03.2020 8:51:42:::finald:71
17.03.2020 8:51:42:::final string:71.20
17.03.2020 8:51:42:::finald:71,2
17.03.2020 8:51:42:::final string:72.01
17.03.2020 8:51:42:::finald:72,01
17.03.2020 8:51:42:::final string:72.10
17.03.2020 8:51:42:::finald:72,1
17.03.2020 8:51:42:::final string:72.14
17.03.2020 8:51:42:::finald:72,14
17.03.2020 8:51:42:::final string:72.08
17.03.2020 8:51:42:::finald:72,08
17.03.2020 8:51:42:::final string:73.00
17.03.2020 8:51:42:::finald:73
17.03.2020 8:51:42:::final string:73.07
17.03.2020 8:51:42:::finald:73,07
17.03.2020 8:51:42:::PHPVerionsDict count:System.Collections.Generic.Dictionary`2[System.Double,System.String]
17.03.2020 8:51:42:::73,07: php7.3.7
17.03.2020 8:51:42:::73: php7.3.0
17.03.2020 8:51:42:::72,14: php7.2.14
17.03.2020 8:51:42:::72,1: php7.2.10
17.03.2020 8:51:42:::72,08: php7.2.8
17.03.2020 8:51:42:::72,01: php7.2.1
17.03.2020 8:51:42:::71,2: php7.1.20
17.03.2020 8:51:42:::71: php7.1.0
17.03.2020 8:51:42:::70,31: php7.0.31
17.03.2020 8:51:42:::70: php7.0.0
17.03.2020 8:51:42:::56,37: php5.6.37
17.03.2020 8:51:42:::56: php5.6.0
17.03.2020 8:51:42:::55,38: php5.5.38
17.03.2020 8:51:42:::54,45: php5.4.45
17.03.2020 8:51:42:::53,23: php5.3.23
17.03.2020 8:51:42:::PHPVerionsDictFinal count:15
17.03.2020 8:51:42:::GetAllFileNamesFromDirectory count:16
17.03.2020 8:51:42:::final string:53.23
17.03.2020 8:51:42:::finald:53,23
17.03.2020 8:51:42:::final string:54.45
17.03.2020 8:51:42:::finald:54,45
17.03.2020 8:51:42:::final string:55.38
17.03.2020 8:51:42:::finald:55,38
17.03.2020 8:51:42:::final string:56.00
17.03.2020 8:51:42:::finald:56
17.03.2020 8:51:42:::final string:56.37
17.03.2020 8:51:42:::finald:56,37
17.03.2020 8:51:42:::final string:70.00
17.03.2020 8:51:42:::finald:70
17.03.2020 8:51:42:::final string:70.31
17.03.2020 8:51:42:::finald:70,31
17.03.2020 8:51:42:::final string:71.00
17.03.2020 8:51:42:::finald:71
17.03.2020 8:51:42:::final string:71.20
17.03.2020 8:51:42:::finald:71,2
17.03.2020 8:51:42:::final string:72.01
17.03.2020 8:51:42:::finald:72,01
17.03.2020 8:51:42:::final string:72.10
17.03.2020 8:51:42:::finald:72,1
17.03.2020 8:51:42:::final string:72.14
17.03.2020 8:51:42:::finald:72,14
17.03.2020 8:51:42:::final string:72.08
17.03.2020 8:51:42:::finald:72,08
17.03.2020 8:51:42:::final string:73.00
17.03.2020 8:51:42:::finald:73
17.03.2020 8:51:42:::final string:73.07
17.03.2020 8:51:42:::finald:73,07
17.03.2020 8:51:42:::PHPVerionsDict count:System.Collections.Generic.Dictionary`2[System.Double,System.String]
17.03.2020 8:51:42:::73,07: php7.3.7
17.03.2020 8:51:42:::73: php7.3.0
17.03.2020 8:51:42:::72,14: php7.2.14
17.03.2020 8:51:42:::72,1: php7.2.10
17.03.2020 8:51:42:::72,08: php7.2.8
17.03.2020 8:51:42:::72,01: php7.2.1
17.03.2020 8:51:42:::71,2: php7.1.20
17.03.2020 8:51:42:::71: php7.1.0
17.03.2020 8:51:42:::70,31: php7.0.31
17.03.2020 8:51:42:::70: php7.0.0
17.03.2020 8:51:42:::56,37: php5.6.37
17.03.2020 8:51:42:::56: php5.6.0
17.03.2020 8:51:42:::55,38: php5.5.38
17.03.2020 8:51:42:::54,45: php5.4.45
17.03.2020 8:51:42:::53,23: php5.3.23
17.03.2020 8:51:42:::PHPVerionsDictFinal count:15
17.03.2020 8:51:42:::Old php module line is: LoadModule php7_module "C:\MAMP\bin\php\php7.0.9\php7apache2_2.dll"
17.03.2020 8:51:42:::New php module line is: LoadModule php7_module "C:\MAMP\bin\php\php7.3.7\php7apache2_2.dll"
17.03.2020 8:51:42:::Replacing following php version: php7.0.9
17.03.2020 8:51:42:::GetAllFileNamesFromDirectory count:16
17.03.2020 8:51:42:::final string:53.23
17.03.2020 8:51:42:::finald:53,23
17.03.2020 8:51:42:::final string:54.45
17.03.2020 8:51:42:::finald:54,45
17.03.2020 8:51:42:::final string:55.38
17.03.2020 8:51:42:::finald:55,38
17.03.2020 8:51:42:::final string:56.00
17.03.2020 8:51:42:::finald:56
17.03.2020 8:51:42:::final string:56.37
17.03.2020 8:51:42:::finald:56,37
17.03.2020 8:51:42:::final string:70.00
17.03.2020 8:51:42:::finald:70
17.03.2020 8:51:42:::final string:70.31
17.03.2020 8:51:42:::finald:70,31
17.03.2020 8:51:42:::final string:71.00
17.03.2020 8:51:42:::finald:71
17.03.2020 8:51:42:::final string:71.20
17.03.2020 8:51:42:::finald:71,2
17.03.2020 8:51:42:::final string:72.01
17.03.2020 8:51:42:::finald:72,01
17.03.2020 8:51:42:::final string:72.10
17.03.2020 8:51:42:::finald:72,1
17.03.2020 8:51:42:::final string:72.14
17.03.2020 8:51:42:::finald:72,14
17.03.2020 8:51:42:::final string:72.08
17.03.2020 8:51:42:::finald:72,08
17.03.2020 8:51:42:::final string:73.00
17.03.2020 8:51:42:::finald:73
17.03.2020 8:51:42:::final string:73.07
17.03.2020 8:51:42:::finald:73,07
17.03.2020 8:51:42:::PHPVerionsDict count:System.Collections.Generic.Dictionary`2[System.Double,System.String]
17.03.2020 8:51:42:::73,07: php7.3.7
17.03.2020 8:51:42:::73: php7.3.0
17.03.2020 8:51:42:::72,14: php7.2.14
17.03.2020 8:51:42:::72,1: php7.2.10
17.03.2020 8:51:42:::72,08: php7.2.8
17.03.2020 8:51:42:::72,01: php7.2.1
17.03.2020 8:51:42:::71,2: php7.1.20
17.03.2020 8:51:42:::71: php7.1.0
17.03.2020 8:51:42:::70,31: php7.0.31
17.03.2020 8:51:42:::70: php7.0.0
17.03.2020 8:51:42:::56,37: php5.6.37
17.03.2020 8:51:42:::56: php5.6.0
17.03.2020 8:51:42:::55,38: php5.5.38
17.03.2020 8:51:42:::54,45: php5.4.45
17.03.2020 8:51:42:::53,23: php5.3.23
17.03.2020 8:51:42:::PHPVerionsDictFinal count:15
17.03.2020 8:51:42:::GetAllFileNamesFromDirectory count:16
17.03.2020 8:51:42:::final string:53.23
17.03.2020 8:51:42:::finald:53,23
17.03.2020 8:51:42:::final string:54.45
17.03.2020 8:51:42:::finald:54,45
17.03.2020 8:51:42:::final string:55.38
17.03.2020 8:51:42:::finald:55,38
17.03.2020 8:51:42:::final string:56.00
17.03.2020 8:51:42:::finald:56
17.03.2020 8:51:42:::final string:56.37
17.03.2020 8:51:42:::finald:56,37
17.03.2020 8:51:42:::final string:70.00
17.03.2020 8:51:42:::finald:70
17.03.2020 8:51:42:::final string:70.31
17.03.2020 8:51:42:::finald:70,31
17.03.2020 8:51:42:::final string:71.00
17.03.2020 8:51:42:::finald:71
17.03.2020 8:51:42:::final string:71.20
17.03.2020 8:51:42:::finald:71,2
17.03.2020 8:51:42:::final string:72.01
17.03.2020 8:51:42:::finald:72,01
17.03.2020 8:51:42:::final string:72.10
17.03.2020 8:51:42:::finald:72,1
17.03.2020 8:51:42:::final string:72.14
17.03.2020 8:51:42:::finald:72,14
17.03.2020 8:51:42:::final string:72.08
17.03.2020 8:51:42:::finald:72,08
17.03.2020 8:51:42:::final string:73.00
17.03.2020 8:51:42:::finald:73
17.03.2020 8:51:42:::final string:73.07
17.03.2020 8:51:42:::finald:73,07
17.03.2020 8:51:42:::PHPVerionsDict count:System.Collections.Generic.Dictionary`2[System.Double,System.String]
17.03.2020 8:51:42:::73,07: php7.3.7
17.03.2020 8:51:42:::73: php7.3.0
17.03.2020 8:51:42:::72,14: php7.2.14
17.03.2020 8:51:42:::72,1: php7.2.10
17.03.2020 8:51:42:::72,08: php7.2.8
17.03.2020 8:51:42:::72,01: php7.2.1
17.03.2020 8:51:42:::71,2: php7.1.20
17.03.2020 8:51:42:::71: php7.1.0
17.03.2020 8:51:42:::70,31: php7.0.31
17.03.2020 8:51:42:::70: php7.0.0
17.03.2020 8:51:42:::56,37: php5.6.37
17.03.2020 8:51:42:::56: php5.6.0
17.03.2020 8:51:42:::55,38: php5.5.38
17.03.2020 8:51:42:::54,45: php5.4.45
17.03.2020 8:51:42:::53,23: php5.3.23
17.03.2020 8:51:42:::PHPVerionsDictFinal count:15
17.03.2020 8:51:42:::Started Additional libraries method. PHP Version:php7.3.7
17.03.2020 8:51:42:::Additional libraries, supplied version - php7.3.7
17.03.2020 8:51:42:::Active PHP version 7 or later, adding additional libraries.
17.03.2020 8:51:42:::Apache conf already has additional libraries set.
17.03.2020 8:51:42:::PHP section reconfig!
17.03.2020 8:51:42:::phpversion from config:php7.3.7
17.03.2020 8:51:42:::MySQL section reconfig!
17.03.2020 8:51:42:::Aliases section reconfig!
17.03.2020 8:51:42:::phpmyadmin section reconfig!
17.03.2020 8:51:42:::python section reconfig!
17.03.2020 8:51:42:::data is null!!!
17.03.2020 8:51:42:::portmysql!3306
17.03.2020 8:51:42:::Loading conf files.
17.03.2020 8:51:42:::apacheConfText: #
# This is the mai
17.03.2020 8:51:42:::mysqlConfText: # Example MySQL conf
17.03.2020 8:51:42:::mysqlConfText: #user               
17.03.2020 8:51:42:::GetPHPversion.
17.03.2020 8:51:42:::Apache version set is: 2_2
17.03.2020 8:51:42:::phpverFromApache is:php7.3.7
17.03.2020 8:51:42:::GetAllFileNamesFromDirectory count:16
17.03.2020 8:51:42:::final string:53.23
17.03.2020 8:51:42:::finald:53,23
17.03.2020 8:51:42:::final string:54.45
17.03.2020 8:51:42:::finald:54,45
17.03.2020 8:51:42:::final string:55.38
17.03.2020 8:51:42:::finald:55,38
17.03.2020 8:51:42:::final string:56.00
17.03.2020 8:51:42:::finald:56
17.03.2020 8:51:42:::final string:56.37
17.03.2020 8:51:42:::finald:56,37
17.03.2020 8:51:42:::final string:70.00
17.03.2020 8:51:42:::finald:70
17.03.2020 8:51:42:::final string:70.31
17.03.2020 8:51:42:::finald:70,31
17.03.2020 8:51:42:::final string:71.00
17.03.2020 8:51:42:::finald:71
17.03.2020 8:51:42:::final string:71.20
17.03.2020 8:51:42:::finald:71,2
17.03.2020 8:51:42:::final string:72.01
17.03.2020 8:51:42:::finald:72,01
17.03.2020 8:51:42:::final string:72.10
17.03.2020 8:51:42:::finald:72,1
17.03.2020 8:51:42:::final string:72.14
17.03.2020 8:51:42:::finald:72,14
17.03.2020 8:51:42:::final string:72.08
17.03.2020 8:51:42:::finald:72,08
17.03.2020 8:51:42:::final string:73.00
17.03.2020 8:51:42:::finald:73
17.03.2020 8:51:42:::final string:73.07
17.03.2020 8:51:42:::finald:73,07
17.03.2020 8:51:42:::PHPVerionsDict count:System.Collections.Generic.Dictionary`2[System.Double,System.String]
17.03.2020 8:51:42:::53,23: php5.3.23
17.03.2020 8:51:42:::54,45: php5.4.45
17.03.2020 8:51:42:::55,38: php5.5.38
17.03.2020 8:51:42:::56: php5.6.0
17.03.2020 8:51:42:::56,37: php5.6.37
17.03.2020 8:51:42:::70: php7.0.0
17.03.2020 8:51:42:::70,31: php7.0.31
17.03.2020 8:51:42:::71: php7.1.0
17.03.2020 8:51:42:::71,2: php7.1.20
17.03.2020 8:51:42:::72,01: php7.2.1
17.03.2020 8:51:42:::72,08: php7.2.8
17.03.2020 8:51:42:::72,1: php7.2.10
17.03.2020 8:51:42:::72,14: php7.2.14
17.03.2020 8:51:42:::73: php7.3.0
17.03.2020 8:51:42:::73,07: php7.3.7
17.03.2020 8:51:42:::PHPVerionsDictFinal count:15
17.03.2020 8:51:42:::GetPhpMin.php7.2.14
17.03.2020 8:51:42:::GetAllFileNamesFromDirectory count:16
17.03.2020 8:51:42:::final string:53.23
17.03.2020 8:51:42:::finald:53,23
17.03.2020 8:51:42:::final string:54.45
17.03.2020 8:51:42:::finald:54,45
17.03.2020 8:51:42:::final string:55.38
17.03.2020 8:51:42:::finald:55,38
17.03.2020 8:51:42:::final string:56.00
17.03.2020 8:51:42:::finald:56
17.03.2020 8:51:42:::final string:56.37
17.03.2020 8:51:42:::finald:56,37
17.03.2020 8:51:42:::final string:70.00
17.03.2020 8:51:42:::finald:70
17.03.2020 8:51:42:::final string:70.31
17.03.2020 8:51:42:::finald:70,31
17.03.2020 8:51:42:::final string:71.00
17.03.2020 8:51:42:::finald:71
17.03.2020 8:51:42:::final string:71.20
17.03.2020 8:51:42:::finald:71,2
17.03.2020 8:51:42:::final string:72.01
17.03.2020 8:51:42:::finald:72,01
17.03.2020 8:51:42:::final string:72.10
17.03.2020 8:51:42:::finald:72,1
17.03.2020 8:51:42:::final string:72.14
17.03.2020 8:51:42:::finald:72,14
17.03.2020 8:51:42:::final string:72.08
17.03.2020 8:51:42:::finald:72,08
17.03.2020 8:51:42:::final string:73.00
17.03.2020 8:51:42:::finald:73
17.03.2020 8:51:42:::final string:73.07
17.03.2020 8:51:42:::finald:73,07
17.03.2020 8:51:42:::PHPVerionsDict count:System.Collections.Generic.Dictionary`2[System.Double,System.String]
17.03.2020 8:51:42:::73,07: php7.3.7
17.03.2020 8:51:42:::73: php7.3.0
17.03.2020 8:51:42:::72,14: php7.2.14
17.03.2020 8:51:42:::72,1: php7.2.10
17.03.2020 8:51:42:::72,08: php7.2.8
17.03.2020 8:51:42:::72,01: php7.2.1
17.03.2020 8:51:42:::71,2: php7.1.20
17.03.2020 8:51:42:::71: php7.1.0
17.03.2020 8:51:42:::70,31: php7.0.31
17.03.2020 8:51:42:::70: php7.0.0
17.03.2020 8:51:42:::56,37: php5.6.37
17.03.2020 8:51:42:::56: php5.6.0
17.03.2020 8:51:42:::55,38: php5.5.38
17.03.2020 8:51:42:::54,45: php5.4.45
17.03.2020 8:51:42:::53,23: php5.3.23
17.03.2020 8:51:42:::PHPVerionsDictFinal count:15
17.03.2020 8:51:42:::GetPhpMax.php7.3.7
17.03.2020 8:51:42:::GetAllFileNamesFromDirectory count:16
17.03.2020 8:51:42:::final string:53.23
17.03.2020 8:51:42:::finald:53,23
17.03.2020 8:51:42:::final string:54.45
17.03.2020 8:51:42:::finald:54,45
17.03.2020 8:51:42:::final string:55.38
17.03.2020 8:51:42:::finald:55,38
17.03.2020 8:51:42:::final string:56.00
17.03.2020 8:51:42:::finald:56
17.03.2020 8:51:42:::final string:56.37
17.03.2020 8:51:42:::finald:56,37
17.03.2020 8:51:42:::final string:70.00
17.03.2020 8:51:42:::finald:70
17.03.2020 8:51:42:::final string:70.31
17.03.2020 8:51:42:::finald:70,31
17.03.2020 8:51:42:::final string:71.00
17.03.2020 8:51:42:::finald:71
17.03.2020 8:51:42:::final string:71.20
17.03.2020 8:51:42:::finald:71,2
17.03.2020 8:51:42:::final string:72.01
17.03.2020 8:51:42:::finald:72,01
17.03.2020 8:51:42:::final string:72.10
17.03.2020 8:51:42:::finald:72,1
17.03.2020 8:51:42:::final string:72.14
17.03.2020 8:51:42:::finald:72,14
17.03.2020 8:51:42:::final string:72.08
17.03.2020 8:51:42:::finald:72,08
17.03.2020 8:51:42:::final string:73.00
17.03.2020 8:51:42:::finald:73
17.03.2020 8:51:42:::final string:73.07
17.03.2020 8:51:42:::finald:73,07
17.03.2020 8:51:42:::PHPVerionsDict count:System.Collections.Generic.Dictionary`2[System.Double,System.String]
17.03.2020 8:51:42:::53,23: php5.3.23
17.03.2020 8:51:42:::54,45: php5.4.45
17.03.2020 8:51:42:::55,38: php5.5.38
17.03.2020 8:51:42:::56: php5.6.0
17.03.2020 8:51:42:::56,37: php5.6.37
17.03.2020 8:51:42:::70: php7.0.0
17.03.2020 8:51:42:::70,31: php7.0.31
17.03.2020 8:51:42:::71: php7.1.0
17.03.2020 8:51:42:::71,2: php7.1.20
17.03.2020 8:51:42:::72,01: php7.2.1
17.03.2020 8:51:42:::72,08: php7.2.8
17.03.2020 8:51:42:::72,1: php7.2.10
17.03.2020 8:51:42:::72,14: php7.2.14
17.03.2020 8:51:42:::73: php7.3.0
17.03.2020 8:51:42:::73,07: php7.3.7
17.03.2020 8:51:42:::PHPVerionsDictFinal count:15
17.03.2020 8:51:42:::GetAllFileNamesFromDirectory count:16
17.03.2020 8:51:42:::final string:53.23
17.03.2020 8:51:42:::finald:53,23
17.03.2020 8:51:42:::final string:54.45
17.03.2020 8:51:42:::finald:54,45
17.03.2020 8:51:42:::final string:55.38
17.03.2020 8:51:42:::finald:55,38
17.03.2020 8:51:42:::final string:56.00
17.03.2020 8:51:42:::finald:56
17.03.2020 8:51:42:::final string:56.37
17.03.2020 8:51:42:::finald:56,37
17.03.2020 8:51:42:::final string:70.00
17.03.2020 8:51:42:::finald:70
17.03.2020 8:51:42:::final string:70.31
17.03.2020 8:51:42:::finald:70,31
17.03.2020 8:51:42:::final string:71.00
17.03.2020 8:51:42:::finald:71
17.03.2020 8:51:42:::final string:71.20
17.03.2020 8:51:42:::finald:71,2
17.03.2020 8:51:42:::final string:72.01
17.03.2020 8:51:42:::finald:72,01
17.03.2020 8:51:42:::final string:72.10
17.03.2020 8:51:42:::finald:72,1
17.03.2020 8:51:42:::final string:72.14
17.03.2020 8:51:42:::finald:72,14
17.03.2020 8:51:42:::final string:72.08
17.03.2020 8:51:42:::finald:72,08
17.03.2020 8:51:42:::final string:73.00
17.03.2020 8:51:42:::finald:73
17.03.2020 8:51:42:::final string:73.07
17.03.2020 8:51:42:::finald:73,07
17.03.2020 8:51:42:::PHPVerionsDict count:System.Collections.Generic.Dictionary`2[System.Double,System.String]
17.03.2020 8:51:42:::73,07: php7.3.7
17.03.2020 8:51:42:::73: php7.3.0
17.03.2020 8:51:42:::72,14: php7.2.14
17.03.2020 8:51:42:::72,1: php7.2.10
17.03.2020 8:51:42:::72,08: php7.2.8
17.03.2020 8:51:42:::72,01: php7.2.1
17.03.2020 8:51:42:::71,2: php7.1.20
17.03.2020 8:51:42:::71: php7.1.0
17.03.2020 8:51:42:::70,31: php7.0.31
17.03.2020 8:51:42:::70: php7.0.0
17.03.2020 8:51:42:::56,37: php5.6.37
17.03.2020 8:51:42:::56: php5.6.0
17.03.2020 8:51:42:::55,38: php5.5.38
17.03.2020 8:51:42:::54,45: php5.4.45
17.03.2020 8:51:42:::53,23: php5.3.23
17.03.2020 8:51:42:::PHPVerionsDictFinal count:15
17.03.2020 8:51:42:::GetPhpMax check.
17.03.2020 8:51:42:::GetAllFileNamesFromDirectory count:16
17.03.2020 8:51:42:::final string:53.23
17.03.2020 8:51:42:::finald:53,23
17.03.2020 8:51:42:::final string:54.45
17.03.2020 8:51:42:::finald:54,45
17.03.2020 8:51:42:::final string:55.38
17.03.2020 8:51:42:::finald:55,38
17.03.2020 8:51:42:::final string:56.00
17.03.2020 8:51:42:::finald:56
17.03.2020 8:51:42:::final string:56.37
17.03.2020 8:51:42:::finald:56,37
17.03.2020 8:51:42:::final string:70.00
17.03.2020 8:51:42:::finald:70
17.03.2020 8:51:42:::final string:70.31
17.03.2020 8:51:42:::finald:70,31
17.03.2020 8:51:42:::final string:71.00
17.03.2020 8:51:42:::finald:71
17.03.2020 8:51:42:::final string:71.20
17.03.2020 8:51:42:::finald:71,2
17.03.2020 8:51:42:::final string:72.01
17.03.2020 8:51:42:::finald:72,01
17.03.2020 8:51:42:::final string:72.10
17.03.2020 8:51:42:::finald:72,1
17.03.2020 8:51:42:::final string:72.14
17.03.2020 8:51:42:::finald:72,14
17.03.2020 8:51:42:::final string:72.08
17.03.2020 8:51:42:::finald:72,08
17.03.2020 8:51:42:::final string:73.00
17.03.2020 8:51:42:::finald:73
17.03.2020 8:51:42:::final string:73.07
17.03.2020 8:51:42:::finald:73,07
17.03.2020 8:51:42:::PHPVerionsDict count:System.Collections.Generic.Dictionary`2[System.Double,System.String]
17.03.2020 8:51:42:::73,07: php7.3.7
17.03.2020 8:51:42:::73: php7.3.0
17.03.2020 8:51:42:::72,14: php7.2.14
17.03.2020 8:51:42:::72,1: php7.2.10
17.03.2020 8:51:42:::72,08: php7.2.8
17.03.2020 8:51:42:::72,01: php7.2.1
17.03.2020 8:51:42:::71,2: php7.1.20
17.03.2020 8:51:42:::71: php7.1.0
17.03.2020 8:51:42:::70,31: php7.0.31
17.03.2020 8:51:42:::70: php7.0.0
17.03.2020 8:51:42:::56,37: php5.6.37
17.03.2020 8:51:42:::56: php5.6.0
17.03.2020 8:51:42:::55,38: php5.5.38
17.03.2020 8:51:42:::54,45: php5.4.45
17.03.2020 8:51:42:::53,23: php5.3.23
17.03.2020 8:51:42:::PHPVerionsDictFinal count:15
17.03.2020 8:51:42:::LoadTextFromFile from phpConf.
17.03.2020 8:51:42:::apacheConf: C:\MAMP\conf\apache\httpd.conf
17.03.2020 8:51:42:::mysqlConf: C:\MAMP\conf\mysql\my.ini
17.03.2020 8:51:42:::phpConf: C:\MAMP\conf\php7.3.7\php.ini
17.03.2020 8:51:42:::phpmyAdminConf: C:\MAMP\bin\phpMyAdmin\config.inc.php
17.03.2020 8:51:42:::NginxConfText: C:\MAMP\conf\nginx\nginx.conf
17.03.2020 8:51:42:::apacheConfText: #
# This is the mai
17.03.2020 8:51:42:::mysqlConfText: # Example MySQL conf
17.03.2020 8:51:42:::phpConfText: [PHP]

;;;;;;;;;;;
17.03.2020 8:51:42:::phpmyAdminConfText: <?php
/* vim: set ex
17.03.2020 8:51:42:::NginxConfText: #user               
17.03.2020 8:51:42:::MySQLDataDir is: C:/MAMP/db/mysql/
17.03.2020 8:51:42:::Trying to load value from config: StartWhenMAMPStart
17.03.2020 8:51:42:::AppSetting : StartWhenMAMPStart : System.Configuration.KeyValueConfigurationElement
17.03.2020 8:51:42:::Trying to load value from config: StopWhenMAMPStop
17.03.2020 8:51:42:::AppSetting : StopWhenMAMPStop : System.Configuration.KeyValueConfigurationElement
17.03.2020 8:51:42:::Trying to load value from config: OpenStartPageOnMAMPStart
17.03.2020 8:51:42:::AppSetting : OpenStartPageOnMAMPStart : System.Configuration.KeyValueConfigurationElement
17.03.2020 8:51:42:::Trying to load value from config: CheckForMAMPPro
17.03.2020 8:51:42:::AppSetting : CheckForMAMPPro : System.Configuration.KeyValueConfigurationElement
17.03.2020 8:51:42:::Trying to load value from config: StartPageForMAMP
17.03.2020 8:51:42:::AppSetting : StartPageForMAMP : System.Configuration.KeyValueConfigurationElement
17.03.2020 8:51:42:::Trying to load value from config: WebServer
17.03.2020 8:51:42:::AppSetting : WebServer : System.Configuration.KeyValueConfigurationElement
17.03.2020 8:51:42:::Trying to load value from config: UpdateAccessRights
17.03.2020 8:51:42:::AppSetting : UpdateAccessRights : System.Configuration.KeyValueConfigurationElement
17.03.2020 8:51:42:::Trying to load value from config: IsCloudActive
17.03.2020 8:51:42:::AppSetting : IsCloudActive : System.Configuration.KeyValueConfigurationElement
17.03.2020 8:51:42:::Trying to load value from config: CloudDatabase
17.03.2020 8:51:42:::AppSetting : CloudDatabase : System.Configuration.KeyValueConfigurationElement
17.03.2020 8:51:42:::Trying to load value from config: IsCloudEncrypted
17.03.2020 8:51:42:::AppSetting : IsCloudEncrypted : System.Configuration.KeyValueConfigurationElement
17.03.2020 8:51:42:::Trying to load value from config: CloudEncryptionKey
17.03.2020 8:51:42:::AppSetting : CloudEncryptionKey : System.Configuration.KeyValueConfigurationElement
17.03.2020 8:51:42:::Trying to load value from config: IsCloudKeyOnDesktop
17.03.2020 8:51:42:::AppSetting : IsCloudKeyOnDesktop : System.Configuration.KeyValueConfigurationElement
17.03.2020 8:51:42:::Trying to load value from config: MyWebLink
17.03.2020 8:51:42:::AppSetting : MyWebLink : System.Configuration.KeyValueConfigurationElement
17.03.2020 8:51:42:::Trying to save value to list: MyWebLink : 
17.03.2020 8:51:42:::Trying to load value from config: CloudFileRev
17.03.2020 8:51:42:::AppSetting : CloudFileRev : System.Configuration.KeyValueConfigurationElement
17.03.2020 8:51:42:::Trying to save value to list: MyWebLink : 
17.03.2020 8:51:42:::GetAllFileNamesFromDirectory count:16
17.03.2020 8:51:42:::final string:53.23
17.03.2020 8:51:42:::finald:53,23
17.03.2020 8:51:42:::final string:54.45
17.03.2020 8:51:42:::finald:54,45
17.03.2020 8:51:42:::final string:55.38
17.03.2020 8:51:42:::finald:55,38
17.03.2020 8:51:42:::final string:56.00
17.03.2020 8:51:42:::finald:56
17.03.2020 8:51:42:::final string:56.37
17.03.2020 8:51:42:::finald:56,37
17.03.2020 8:51:42:::final string:70.00
17.03.2020 8:51:42:::finald:70
17.03.2020 8:51:42:::final string:70.31
17.03.2020 8:51:42:::finald:70,31
17.03.2020 8:51:42:::final string:71.00
17.03.2020 8:51:42:::finald:71
17.03.2020 8:51:42:::final string:71.20
17.03.2020 8:51:42:::finald:71,2
17.03.2020 8:51:42:::final string:72.01
17.03.2020 8:51:42:::finald:72,01
17.03.2020 8:51:42:::final string:72.10
17.03.2020 8:51:42:::finald:72,1
17.03.2020 8:51:42:::final string:72.14
17.03.2020 8:51:42:::finald:72,14
17.03.2020 8:51:42:::final string:72.08
17.03.2020 8:51:42:::finald:72,08
17.03.2020 8:51:42:::final string:73.00
17.03.2020 8:51:42:::finald:73
17.03.2020 8:51:42:::final string:73.07
17.03.2020 8:51:42:::finald:73,07
17.03.2020 8:51:42:::PHPVerionsDict count:System.Collections.Generic.Dictionary`2[System.Double,System.String]
17.03.2020 8:51:42:::53,23: php5.3.23
17.03.2020 8:51:42:::54,45: php5.4.45
17.03.2020 8:51:42:::55,38: php5.5.38
17.03.2020 8:51:42:::56: php5.6.0
17.03.2020 8:51:42:::56,37: php5.6.37
17.03.2020 8:51:42:::70: php7.0.0
17.03.2020 8:51:42:::70,31: php7.0.31
17.03.2020 8:51:42:::71: php7.1.0
17.03.2020 8:51:42:::71,2: php7.1.20
17.03.2020 8:51:42:::72,01: php7.2.1
17.03.2020 8:51:42:::72,08: php7.2.8
17.03.2020 8:51:42:::72,1: php7.2.10
17.03.2020 8:51:42:::72,14: php7.2.14
17.03.2020 8:51:42:::73: php7.3.0
17.03.2020 8:51:42:::73,07: php7.3.7
17.03.2020 8:51:42:::PHPVerionsDictFinal count:15
17.03.2020 8:51:42:::GetAllFileNamesFromDirectory count:16
17.03.2020 8:51:42:::final string:53.23
17.03.2020 8:51:42:::finald:53,23
17.03.2020 8:51:42:::final string:54.45
17.03.2020 8:51:42:::finald:54,45
17.03.2020 8:51:42:::final string:55.38
17.03.2020 8:51:42:::finald:55,38
17.03.2020 8:51:42:::final string:56.00
17.03.2020 8:51:42:::finald:56
17.03.2020 8:51:42:::final string:56.37
17.03.2020 8:51:42:::finald:56,37
17.03.2020 8:51:42:::final string:70.00
17.03.2020 8:51:42:::finald:70
17.03.2020 8:51:42:::final string:70.31
17.03.2020 8:51:42:::finald:70,31
17.03.2020 8:51:42:::final string:71.00
17.03.2020 8:51:42:::finald:71
17.03.2020 8:51:42:::final string:71.20
17.03.2020 8:51:42:::finald:71,2
17.03.2020 8:51:42:::final string:72.01
17.03.2020 8:51:42:::finald:72,01
17.03.2020 8:51:42:::final string:72.10
17.03.2020 8:51:42:::finald:72,1
17.03.2020 8:51:42:::final string:72.14
17.03.2020 8:51:42:::finald:72,14
17.03.2020 8:51:42:::final string:72.08
17.03.2020 8:51:42:::finald:72,08
17.03.2020 8:51:42:::final string:73.00
17.03.2020 8:51:42:::finald:73
17.03.2020 8:51:42:::final string:73.07
17.03.2020 8:51:42:::finald:73,07
17.03.2020 8:51:42:::PHPVerionsDict count:System.Collections.Generic.Dictionary`2[System.Double,System.String]
17.03.2020 8:51:42:::53,23: php5.3.23
17.03.2020 8:51:42:::54,45: php5.4.45
17.03.2020 8:51:42:::55,38: php5.5.38
17.03.2020 8:51:42:::56: php5.6.0
17.03.2020 8:51:42:::56,37: php5.6.37
17.03.2020 8:51:42:::70: php7.0.0
17.03.2020 8:51:42:::70,31: php7.0.31
17.03.2020 8:51:42:::71: php7.1.0
17.03.2020 8:51:42:::71,2: php7.1.20
17.03.2020 8:51:42:::72,01: php7.2.1
17.03.2020 8:51:42:::72,08: php7.2.8
17.03.2020 8:51:42:::72,1: php7.2.10
17.03.2020 8:51:42:::72,14: php7.2.14
17.03.2020 8:51:42:::73: php7.3.0
17.03.2020 8:51:42:::73,07: php7.3.7
17.03.2020 8:51:42:::PHPVerionsDictFinal count:15
17.03.2020 8:51:42:::GetAllFileNamesFromDirectory count:16
17.03.2020 8:51:42:::final string:53.23
17.03.2020 8:51:42:::finald:53,23
17.03.2020 8:51:42:::final string:54.45
17.03.2020 8:51:42:::finald:54,45
17.03.2020 8:51:42:::final string:55.38
17.03.2020 8:51:42:::finald:55,38
17.03.2020 8:51:42:::final string:56.00
17.03.2020 8:51:42:::finald:56
17.03.2020 8:51:42:::final string:56.37
17.03.2020 8:51:42:::finald:56,37
17.03.2020 8:51:42:::final string:70.00
17.03.2020 8:51:42:::finald:70
17.03.2020 8:51:42:::final string:70.31
17.03.2020 8:51:42:::finald:70,31
17.03.2020 8:51:42:::final string:71.00
17.03.2020 8:51:42:::finald:71
17.03.2020 8:51:42:::final string:71.20
17.03.2020 8:51:42:::finald:71,2
17.03.2020 8:51:42:::final string:72.01
17.03.2020 8:51:42:::finald:72,01
17.03.2020 8:51:42:::final string:72.10
17.03.2020 8:51:42:::finald:72,1
17.03.2020 8:51:42:::final string:72.14
17.03.2020 8:51:42:::finald:72,14
17.03.2020 8:51:42:::final string:72.08
17.03.2020 8:51:42:::finald:72,08
17.03.2020 8:51:42:::final string:73.00
17.03.2020 8:51:42:::finald:73
17.03.2020 8:51:42:::final string:73.07
17.03.2020 8:51:42:::finald:73,07
17.03.2020 8:51:42:::PHPVerionsDict count:System.Collections.Generic.Dictionary`2[System.Double,System.String]
17.03.2020 8:51:42:::73,07: php7.3.7
17.03.2020 8:51:42:::73: php7.3.0
17.03.2020 8:51:42:::72,14: php7.2.14
17.03.2020 8:51:42:::72,1: php7.2.10
17.03.2020 8:51:42:::72,08: php7.2.8
17.03.2020 8:51:42:::72,01: php7.2.1
17.03.2020 8:51:42:::71,2: php7.1.20
17.03.2020 8:51:42:::71: php7.1.0
17.03.2020 8:51:42:::70,31: php7.0.31
17.03.2020 8:51:42:::70: php7.0.0
17.03.2020 8:51:42:::56,37: php5.6.37
17.03.2020 8:51:42:::56: php5.6.0
17.03.2020 8:51:42:::55,38: php5.5.38
17.03.2020 8:51:42:::54,45: php5.4.45
17.03.2020 8:51:42:::53,23: php5.3.23
17.03.2020 8:51:42:::PHPVerionsDictFinal count:15
17.03.2020 8:51:42:::GetAllFileNamesFromDirectory count:16
17.03.2020 8:51:42:::final string:53.23
17.03.2020 8:51:42:::finald:53,23
17.03.2020 8:51:42:::final string:54.45
17.03.2020 8:51:42:::finald:54,45
17.03.2020 8:51:42:::final string:55.38
17.03.2020 8:51:42:::finald:55,38
17.03.2020 8:51:42:::final string:56.00
17.03.2020 8:51:42:::finald:56
17.03.2020 8:51:42:::final string:56.37
17.03.2020 8:51:42:::finald:56,37
17.03.2020 8:51:42:::final string:70.00
17.03.2020 8:51:42:::finald:70
17.03.2020 8:51:42:::final string:70.31
17.03.2020 8:51:42:::finald:70,31
17.03.2020 8:51:42:::final string:71.00
17.03.2020 8:51:42:::finald:71
17.03.2020 8:51:42:::final string:71.20
17.03.2020 8:51:42:::finald:71,2
17.03.2020 8:51:42:::final string:72.01
17.03.2020 8:51:42:::finald:72,01
17.03.2020 8:51:42:::final string:72.10
17.03.2020 8:51:42:::finald:72,1
17.03.2020 8:51:42:::final string:72.14
17.03.2020 8:51:42:::finald:72,14
17.03.2020 8:51:42:::final string:72.08
17.03.2020 8:51:42:::finald:72,08
17.03.2020 8:51:42:::final string:73.00
17.03.2020 8:51:42:::finald:73
17.03.2020 8:51:42:::final string:73.07
17.03.2020 8:51:42:::finald:73,07
17.03.2020 8:51:42:::PHPVerionsDict count:System.Collections.Generic.Dictionary`2[System.Double,System.String]
17.03.2020 8:51:42:::73,07: php7.3.7
17.03.2020 8:51:42:::73: php7.3.0
17.03.2020 8:51:42:::72,14: php7.2.14
17.03.2020 8:51:42:::72,1: php7.2.10
17.03.2020 8:51:42:::72,08: php7.2.8
17.03.2020 8:51:42:::72,01: php7.2.1
17.03.2020 8:51:42:::71,2: php7.1.20
17.03.2020 8:51:42:::71: php7.1.0
17.03.2020 8:51:42:::70,31: php7.0.31
17.03.2020 8:51:42:::70: php7.0.0
17.03.2020 8:51:42:::56,37: php5.6.37
17.03.2020 8:51:42:::56: php5.6.0
17.03.2020 8:51:42:::55,38: php5.5.38
17.03.2020 8:51:42:::54,45: php5.4.45
17.03.2020 8:51:42:::53,23: php5.3.23
17.03.2020 8:51:42:::PHPVerionsDictFinal count:15
17.03.2020 8:51:42:::Checking available caches for phpversion: php7.2.14
17.03.2020 8:51:42:::php_apcu.dll is present.
17.03.2020 8:51:42:::php_opcache.dll is present.
17.03.2020 8:51:42:::Finished Checking available caches.
17.03.2020 8:51:42:::Checking available caches for phpversion: php7.3.7
17.03.2020 8:51:42:::php_apcu.dll is present.
17.03.2020 8:51:42:::php_opcache.dll is present.
17.03.2020 8:51:42:::Finished Checking available caches.
17.03.2020 8:51:42:::Checking Final phpversion in branch 55...
17.03.2020 8:51:42:::GetAllFileNamesFromDirectory count:16
17.03.2020 8:51:42:::final string:53.23
17.03.2020 8:51:42:::finald:53,23
17.03.2020 8:51:42:::final string:54.45
17.03.2020 8:51:42:::finald:54,45
17.03.2020 8:51:42:::final string:55.38
17.03.2020 8:51:42:::finald:55,38
17.03.2020 8:51:42:::final string:56.00
17.03.2020 8:51:42:::finald:56
17.03.2020 8:51:42:::final string:56.37
17.03.2020 8:51:42:::finald:56,37
17.03.2020 8:51:42:::final string:70.00
17.03.2020 8:51:42:::finald:70
17.03.2020 8:51:42:::final string:70.31
17.03.2020 8:51:42:::finald:70,31
17.03.2020 8:51:42:::final string:71.00
17.03.2020 8:51:42:::finald:71
17.03.2020 8:51:42:::final string:71.20
17.03.2020 8:51:42:::finald:71,2
17.03.2020 8:51:42:::final string:72.01
17.03.2020 8:51:42:::finald:72,01
17.03.2020 8:51:42:::final string:72.10
17.03.2020 8:51:42:::finald:72,1
17.03.2020 8:51:42:::final string:72.14
17.03.2020 8:51:42:::finald:72,14
17.03.2020 8:51:42:::final string:72.08
17.03.2020 8:51:42:::finald:72,08
17.03.2020 8:51:42:::final string:73.00
17.03.2020 8:51:42:::finald:73
17.03.2020 8:51:42:::final string:73.07
17.03.2020 8:51:42:::finald:73,07
17.03.2020 8:51:42:::PHPVerionsDict count:System.Collections.Generic.Dictionary`2[System.Double,System.String]
17.03.2020 8:51:42:::53,23: php5.3.23
17.03.2020 8:51:42:::Loading conf files.
17.03.2020 8:51:42:::55,38: php5.5.38
17.03.2020 8:51:42:::apacheConfText: #
# This is the mai
17.03.2020 8:51:42:::56: php5.6.0
17.03.2020 8:51:42:::mysqlConfText: # Example MySQL conf
17.03.2020 8:51:42:::70: php7.0.0
17.03.2020 8:51:42:::70,31: php7.0.31
17.03.2020 8:51:42:::GetPHPversion.
17.03.2020 8:51:42:::71: php7.1.0
17.03.2020 8:51:42:::Apache version set is: 2_2
17.03.2020 8:51:42:::71,2: php7.1.20
17.03.2020 8:51:42:::phpverFromApache is:php7.3.7
17.03.2020 8:51:42:::72,01: php7.2.1
17.03.2020 8:51:42:::GetAllFileNamesFromDirectory count:16
17.03.2020 8:51:42:::72,08: php7.2.8
17.03.2020 8:51:42:::final string:53.23
17.03.2020 8:51:42:::72,1: php7.2.10
17.03.2020 8:51:42:::finald:53,23
17.03.2020 8:51:42:::72,14: php7.2.14
17.03.2020 8:51:42:::final string:54.45
17.03.2020 8:51:42:::73: php7.3.0
17.03.2020 8:51:42:::finald:54,45
17.03.2020 8:51:42:::73,07: php7.3.7
17.03.2020 8:51:42:::final string:55.38
17.03.2020 8:51:42:::PHPVerionsDictFinal count:15
17.03.2020 8:51:42:::finald:55,38
17.03.2020 8:51:42:::Final phpversion in branch 55 is: php5.5.38
17.03.2020 8:51:42:::final string:56.00
17.03.2020 8:51:42:::finald:56
17.03.2020 8:51:42:::final string:56.37
17.03.2020 8:51:42:::finald:56,37
17.03.2020 8:51:42:::PHP command interface: Write All Configs.
17.03.2020 8:51:42:::finald:70
17.03.2020 8:51:42:::final string:70.31
17.03.2020 8:51:42:::finald:70,31
17.03.2020 8:51:42:::final string:71.00
17.03.2020 8:51:42:::finald:71
17.03.2020 8:51:42:::final string:71.20
17.03.2020 8:51:42:::finald:71,2
17.03.2020 8:51:42:::final string:72.01
17.03.2020 8:51:42:::finald:72,01
17.03.2020 8:51:42:::final string:72.10
17.03.2020 8:51:42:::finald:72,1
17.03.2020 8:51:42:::final string:72.14
17.03.2020 8:51:42:::PHP command interface: Finished Writing All Configs.
17.03.2020 8:51:42:::finald:72,14
17.03.2020 8:51:42:::final string:72.08
17.03.2020 8:51:42:::finald:72,08
17.03.2020 8:51:42:::final string:73.00
17.03.2020 8:51:42:::finald:73
17.03.2020 8:51:42:::final string:73.07
17.03.2020 8:51:42:::finald:73,07
17.03.2020 8:51:42:::PHPVerionsDict count:System.Collections.Generic.Dictionary`2[System.Double,System.String]
17.03.2020 8:51:42:::53,23: php5.3.23
17.03.2020 8:51:42:::54,45: php5.4.45
17.03.2020 8:51:42:::55,38: php5.5.38
17.03.2020 8:51:42:::56: php5.6.0
17.03.2020 8:51:42:::56,37: php5.6.37
17.03.2020 8:51:42:::70: php7.0.0
17.03.2020 8:51:42:::70,31: php7.0.31
17.03.2020 8:51:42:::71: php7.1.0
17.03.2020 8:51:42:::71,2: php7.1.20
17.03.2020 8:51:42:::72,01: php7.2.1
17.03.2020 8:51:42:::72,08: php7.2.8
17.03.2020 8:51:42:::72,1: php7.2.10
17.03.2020 8:51:42:::72,14: php7.2.14
17.03.2020 8:51:42:::73: php7.3.0
17.03.2020 8:51:42:::73,07: php7.3.7
17.03.2020 8:51:42:::PHPVerionsDictFinal count:15
17.03.2020 8:51:42:::GetPhpMin.php7.2.14
17.03.2020 8:51:42:::GetAllFileNamesFromDirectory count:16
17.03.2020 8:51:42:::final string:53.23
17.03.2020 8:51:42:::finald:53,23
17.03.2020 8:51:42:::final string:54.45
17.03.2020 8:51:42:::finald:54,45
17.03.2020 8:51:42:::final string:55.38
17.03.2020 8:51:42:::finald:55,38
17.03.2020 8:51:42:::final string:56.00
17.03.2020 8:51:42:::finald:56
17.03.2020 8:51:42:::final string:56.37
17.03.2020 8:51:42:::finald:56,37
17.03.2020 8:51:42:::final string:70.00
17.03.2020 8:51:42:::finald:70
17.03.2020 8:51:42:::final string:70.31
17.03.2020 8:51:42:::finald:70,31
17.03.2020 8:51:42:::final string:71.00
17.03.2020 8:51:42:::finald:71
17.03.2020 8:51:42:::final string:71.20
17.03.2020 8:51:42:::finald:71,2
17.03.2020 8:51:42:::final string:72.01
17.03.2020 8:51:42:::finald:72,01
17.03.2020 8:51:42:::final string:72.10
17.03.2020 8:51:42:::finald:72,1
17.03.2020 8:51:42:::final string:72.14
17.03.2020 8:51:42:::finald:72,14
17.03.2020 8:51:42:::final string:72.08
17.03.2020 8:51:42:::finald:72,08
17.03.2020 8:51:42:::final string:73.00
17.03.2020 8:51:42:::finald:73
17.03.2020 8:51:42:::final string:73.07
17.03.2020 8:51:42:::finald:73,07
17.03.2020 8:51:42:::PHPVerionsDict count:System.Collections.Generic.Dictionary`2[System.Double,System.String]
17.03.2020 8:51:42:::73,07: php7.3.7
17.03.2020 8:51:42:::73: php7.3.0
17.03.2020 8:51:42:::72,14: php7.2.14
17.03.2020 8:51:42:::72,1: php7.2.10
17.03.2020 8:51:42:::72,08: php7.2.8
17.03.2020 8:51:42:::72,01: php7.2.1
17.03.2020 8:51:42:::71,2: php7.1.20
17.03.2020 8:51:42:::71: php7.1.0
17.03.2020 8:51:42:::70,31: php7.0.31
17.03.2020 8:51:42:::70: php7.0.0
17.03.2020 8:51:42:::56,37: php5.6.37
17.03.2020 8:51:42:::56: php5.6.0
17.03.2020 8:51:42:::55,38: php5.5.38
17.03.2020 8:51:42:::54,45: php5.4.45
17.03.2020 8:51:42:::53,23: php5.3.23
17.03.2020 8:51:42:::PHPVerionsDictFinal count:15
17.03.2020 8:51:42:::GetPhpMax.php7.3.7
17.03.2020 8:51:42:::GetAllFileNamesFromDirectory count:16
17.03.2020 8:51:42:::final string:53.23
17.03.2020 8:51:42:::finald:53,23
17.03.2020 8:51:42:::final string:54.45
17.03.2020 8:51:42:::finald:54,45
17.03.2020 8:51:42:::final string:55.38
17.03.2020 8:51:42:::finald:55,38
17.03.2020 8:51:42:::final string:56.00
17.03.2020 8:51:42:::finald:56
17.03.2020 8:51:42:::final string:56.37
17.03.2020 8:51:42:::finald:56,37
17.03.2020 8:51:42:::final string:70.00
17.03.2020 8:51:42:::finald:70
17.03.2020 8:51:42:::final string:70.31
17.03.2020 8:51:42:::finald:70,31
17.03.2020 8:51:42:::final string:71.00
17.03.2020 8:51:42:::finald:71
17.03.2020 8:51:42:::final string:71.20
17.03.2020 8:51:42:::finald:71,2
17.03.2020 8:51:42:::final string:72.01
17.03.2020 8:51:42:::finald:72,01
17.03.2020 8:51:42:::final string:72.10
17.03.2020 8:51:42:::finald:72,1
17.03.2020 8:51:42:::final string:72.14
17.03.2020 8:51:42:::finald:72,14
17.03.2020 8:51:42:::final string:72.08
17.03.2020 8:51:42:::finald:72,08
17.03.2020 8:51:42:::final string:73.00
17.03.2020 8:51:42:::finald:73
17.03.2020 8:51:42:::final string:73.07
17.03.2020 8:51:42:::finald:73,07
17.03.2020 8:51:42:::PHPVerionsDict count:System.Collections.Generic.Dictionary`2[System.Double,System.String]
17.03.2020 8:51:42:::53,23: php5.3.23
17.03.2020 8:51:42:::54,45: php5.4.45
17.03.2020 8:51:42:::55,38: php5.5.38
17.03.2020 8:51:42:::56: php5.6.0
17.03.2020 8:51:42:::56,37: php5.6.37
17.03.2020 8:51:42:::70: php7.0.0
17.03.2020 8:51:42:::70,31: php7.0.31
17.03.2020 8:51:42:::71: php7.1.0
17.03.2020 8:51:42:::71,2: php7.1.20
17.03.2020 8:51:42:::72,01: php7.2.1
17.03.2020 8:51:42:::72,08: php7.2.8
17.03.2020 8:51:42:::72,1: php7.2.10
17.03.2020 8:51:42:::72,14: php7.2.14
17.03.2020 8:51:42:::73: php7.3.0
17.03.2020 8:51:42:::73,07: php7.3.7
17.03.2020 8:51:42:::PHPVerionsDictFinal count:15
17.03.2020 8:51:42:::GetAllFileNamesFromDirectory count:16
17.03.2020 8:51:42:::final string:53.23
17.03.2020 8:51:42:::finald:53,23
17.03.2020 8:51:42:::final string:54.45
17.03.2020 8:51:42:::finald:54,45
17.03.2020 8:51:42:::final string:55.38
17.03.2020 8:51:42:::finald:55,38
17.03.2020 8:51:42:::final string:56.00
17.03.2020 8:51:42:::finald:56
17.03.2020 8:51:42:::final string:56.37
17.03.2020 8:51:42:::finald:56,37
17.03.2020 8:51:42:::final string:70.00
17.03.2020 8:51:42:::finald:70
17.03.2020 8:51:42:::final string:70.31
17.03.2020 8:51:42:::finald:70,31
17.03.2020 8:51:42:::final string:71.00
17.03.2020 8:51:42:::finald:71
17.03.2020 8:51:42:::final string:71.20
17.03.2020 8:51:42:::finald:71,2
17.03.2020 8:51:42:::final string:72.01
17.03.2020 8:51:42:::finald:72,01
17.03.2020 8:51:42:::final string:72.10
17.03.2020 8:51:42:::finald:72,1
17.03.2020 8:51:42:::final string:72.14
17.03.2020 8:51:42:::finald:72,14
17.03.2020 8:51:42:::final string:72.08
17.03.2020 8:51:42:::finald:72,08
17.03.2020 8:51:42:::final string:73.00
17.03.2020 8:51:42:::finald:73
17.03.2020 8:51:42:::final string:73.07
17.03.2020 8:51:42:::finald:73,07
17.03.2020 8:51:42:::PHPVerionsDict count:System.Collections.Generic.Dictionary`2[System.Double,System.String]
17.03.2020 8:51:42:::73,07: php7.3.7
17.03.2020 8:51:42:::73: php7.3.0
17.03.2020 8:51:42:::72,14: php7.2.14
17.03.2020 8:51:42:::72,1: php7.2.10
17.03.2020 8:51:42:::72,08: php7.2.8
17.03.2020 8:51:42:::72,01: php7.2.1
17.03.2020 8:51:42:::71,2: php7.1.20
17.03.2020 8:51:42:::71: php7.1.0
17.03.2020 8:51:42:::70,31: php7.0.31
17.03.2020 8:51:42:::70: php7.0.0
17.03.2020 8:51:42:::56,37: php5.6.37
17.03.2020 8:51:42:::56: php5.6.0
17.03.2020 8:51:42:::55,38: php5.5.38
17.03.2020 8:51:42:::54,45: php5.4.45
17.03.2020 8:51:42:::53,23: php5.3.23
17.03.2020 8:51:42:::PHPVerionsDictFinal count:15
17.03.2020 8:51:42:::GetPhpMax check.
17.03.2020 8:51:42:::GetAllFileNamesFromDirectory count:16
17.03.2020 8:51:42:::final string:53.23
17.03.2020 8:51:42:::finald:53,23
17.03.2020 8:51:42:::final string:54.45
17.03.2020 8:51:42:::finald:54,45
17.03.2020 8:51:42:::final string:55.38
17.03.2020 8:51:42:::finald:55,38
17.03.2020 8:51:42:::final string:56.00
17.03.2020 8:51:42:::finald:56
17.03.2020 8:51:42:::final string:56.37
17.03.2020 8:51:42:::finald:56,37
17.03.2020 8:51:42:::final string:70.00
17.03.2020 8:51:42:::finald:70
17.03.2020 8:51:42:::final string:70.31
17.03.2020 8:51:42:::finald:70,31
17.03.2020 8:51:42:::final string:71.00
17.03.2020 8:51:42:::finald:71
17.03.2020 8:51:42:::final string:71.20
17.03.2020 8:51:42:::finald:71,2
17.03.2020 8:51:42:::final string:72.01
17.03.2020 8:51:42:::finald:72,01
17.03.2020 8:51:42:::final string:72.10
17.03.2020 8:51:42:::finald:72,1
17.03.2020 8:51:42:::final string:72.14
17.03.2020 8:51:42:::finald:72,14
17.03.2020 8:51:42:::final string:72.08
17.03.2020 8:51:42:::finald:72,08
17.03.2020 8:51:42:::final string:73.00
17.03.2020 8:51:42:::finald:73
17.03.2020 8:51:42:::final string:73.07
17.03.2020 8:51:42:::finald:73,07
17.03.2020 8:51:42:::PHPVerionsDict count:System.Collections.Generic.Dictionary`2[System.Double,System.String]
17.03.2020 8:51:42:::73,07: php7.3.7
17.03.2020 8:51:42:::73: php7.3.0
17.03.2020 8:51:42:::72,14: php7.2.14
17.03.2020 8:51:42:::72,1: php7.2.10
17.03.2020 8:51:42:::72,08: php7.2.8
17.03.2020 8:51:42:::72,01: php7.2.1
17.03.2020 8:51:42:::71,2: php7.1.20
17.03.2020 8:51:42:::71: php7.1.0
17.03.2020 8:51:42:::70,31: php7.0.31
17.03.2020 8:51:42:::70: php7.0.0
17.03.2020 8:51:42:::56,37: php5.6.37
17.03.2020 8:51:42:::56: php5.6.0
17.03.2020 8:51:42:::55,38: php5.5.38
17.03.2020 8:51:42:::54,45: php5.4.45
17.03.2020 8:51:42:::53,23: php5.3.23
17.03.2020 8:51:42:::PHPVerionsDictFinal count:15
17.03.2020 8:51:42:::LoadTextFromFile from phpConf.
17.03.2020 8:51:42:::apacheConf: C:\MAMP\conf\apache\httpd.conf
17.03.2020 8:51:42:::mysqlConf: C:\MAMP\conf\mysql\my.ini
17.03.2020 8:51:42:::phpConf: C:\MAMP\conf\php7.3.7\php.ini
17.03.2020 8:51:42:::phpmyAdminConf: C:\MAMP\bin\phpMyAdmin\config.inc.php
17.03.2020 8:51:42:::NginxConfText: C:\MAMP\conf\nginx\nginx.conf
17.03.2020 8:51:42:::apacheConfText: #
# This is the mai
17.03.2020 8:51:42:::mysqlConfText: # Example MySQL conf
17.03.2020 8:51:42:::phpConfText: [PHP]

;;;;;;;;;;;
17.03.2020 8:51:42:::phpmyAdminConfText: <?php
/* vim: set ex
17.03.2020 8:51:42:::NginxConfText: #user               
17.03.2020 8:51:42:::MySQLDataDir is: C:/MAMP/db/mysql/
17.03.2020 8:51:42:::Starting processes in ProcessStartManager.
17.03.2020 8:51:42:::Starting Apache.
17.03.2020 8:51:42:::Error in GetAllFileNamesFromDirectoryWithFileMask.
17.03.2020 8:51:42:::Main Exception:
17.03.2020 8:51:42:::     "C:\Users\Public\Documents\Appsolute\MAMPPRO\db".
17.03.2020 8:51:42:::    System.IO.__Error.WinIOError(Int32 errorCode, String maybeFullPath)
    System.IO.FileSystemEnumerableIterator`1.CommonInit()
    System.IO.FileSystemEnumerableIterator`1..ctor(String path, String originalUserPath, String searchPattern, SearchOption searchOption, SearchResultHandler`1 resultHandler, Boolean checkHost)
    System.IO.Directory.GetFiles(String path, String searchPattern)
    MAMP4.Utility.FileManager.GetAllFileNamesFromDirectoryWithFileMask(String sourcedir, String filemask)
17.03.2020 8:51:45:::Starting MySQL in Process Start Manager.
17.03.2020 8:51:45:::Finished starting processes in StartMySQL.
17.03.2020 8:51:45:::Mysql has started.
17.03.2020 8:51:46:::Initialize PHP command MySQL interface.
17.03.2020 8:51:46:::Checking Final phpversion in branch 55...
17.03.2020 8:51:46:::GetAllFileNamesFromDirectory count:16
17.03.2020 8:51:46:::final string:53.23
17.03.2020 8:51:46:::finald:53,23
17.03.2020 8:51:46:::final string:54.45
17.03.2020 8:51:46:::finald:54,45
17.03.2020 8:51:46:::final string:55.38
17.03.2020 8:51:46:::finald:55,38
17.03.2020 8:51:46:::final string:56.00
17.03.2020 8:51:46:::finald:56
17.03.2020 8:51:46:::final string:56.37
17.03.2020 8:51:46:::finald:56,37
17.03.2020 8:51:46:::final string:70.00
17.03.2020 8:51:46:::finald:70
17.03.2020 8:51:46:::final string:70.31
17.03.2020 8:51:46:::finald:70,31
17.03.2020 8:51:46:::final string:71.00
17.03.2020 8:51:46:::finald:71
17.03.2020 8:51:46:::final string:71.20
17.03.2020 8:51:46:::finald:71,2
17.03.2020 8:51:46:::final string:72.01
17.03.2020 8:51:46:::finald:72,01
17.03.2020 8:51:46:::final string:72.10
17.03.2020 8:51:46:::finald:72,1
17.03.2020 8:51:46:::final string:72.14
17.03.2020 8:51:46:::finald:72,14
17.03.2020 8:51:46:::final string:72.08
17.03.2020 8:51:46:::finald:72,08
17.03.2020 8:51:46:::final string:73.00
17.03.2020 8:51:46:::finald:73
17.03.2020 8:51:46:::final string:73.07
17.03.2020 8:51:46:::finald:73,07
17.03.2020 8:51:46:::PHPVerionsDict count:System.Collections.Generic.Dictionary`2[System.Double,System.String]
17.03.2020 8:51:46:::53,23: php5.3.23
17.03.2020 8:51:46:::54,45: php5.4.45
17.03.2020 8:51:46:::55,38: php5.5.38
17.03.2020 8:51:46:::56: php5.6.0
17.03.2020 8:51:46:::56,37: php5.6.37
17.03.2020 8:51:46:::70: php7.0.0
17.03.2020 8:51:46:::70,31: php7.0.31
17.03.2020 8:51:46:::71: php7.1.0
17.03.2020 8:51:46:::71,2: php7.1.20
17.03.2020 8:51:46:::72,01: php7.2.1
17.03.2020 8:51:46:::72,08: php7.2.8
17.03.2020 8:51:46:::72,1: php7.2.10
17.03.2020 8:51:46:::72,14: php7.2.14
17.03.2020 8:51:46:::73: php7.3.0
17.03.2020 8:51:46:::73,07: php7.3.7
17.03.2020 8:51:46:::PHPVerionsDictFinal count:15
17.03.2020 8:51:46:::Final phpversion in branch 55 is: php5.5.38
17.03.2020 8:51:46:::php version ini: C:\MAMP\conf\php5.5.38\php.ini
17.03.2020 8:51:46:::LoadTextFromFile from phpConf.
17.03.2020 8:51:46:::Initialize PHP command MySQL interface.
17.03.2020 8:51:46:::Checking Final phpversion in branch 55...
17.03.2020 8:51:46:::GetAllFileNamesFromDirectory count:16
17.03.2020 8:51:46:::final string:53.23
17.03.2020 8:51:46:::finald:53,23
17.03.2020 8:51:46:::final string:54.45
17.03.2020 8:51:46:::finald:54,45
17.03.2020 8:51:46:::final string:55.38
17.03.2020 8:51:46:::finald:55,38
17.03.2020 8:51:46:::final string:56.00
17.03.2020 8:51:46:::finald:56
17.03.2020 8:51:46:::final string:56.37
17.03.2020 8:51:46:::finald:56,37
17.03.2020 8:51:46:::final string:70.00
17.03.2020 8:51:46:::finald:70
17.03.2020 8:51:46:::final string:70.31
17.03.2020 8:51:46:::finald:70,31
17.03.2020 8:51:46:::final string:71.00
17.03.2020 8:51:46:::finald:71
17.03.2020 8:51:46:::final string:71.20
17.03.2020 8:51:46:::finald:71,2
17.03.2020 8:51:46:::final string:72.01
17.03.2020 8:51:46:::finald:72,01
17.03.2020 8:51:46:::final string:72.10
17.03.2020 8:51:46:::finald:72,1
17.03.2020 8:51:46:::final string:72.14
17.03.2020 8:51:46:::finald:72,14
17.03.2020 8:51:46:::final string:72.08
17.03.2020 8:51:46:::finald:72,08
17.03.2020 8:51:46:::final string:73.00
17.03.2020 8:51:46:::finald:73
17.03.2020 8:51:46:::final string:73.07
17.03.2020 8:51:46:::finald:73,07
17.03.2020 8:51:46:::PHPVerionsDict count:System.Collections.Generic.Dictionary`2[System.Double,System.String]
17.03.2020 8:51:46:::53,23: php5.3.23
17.03.2020 8:51:46:::54,45: php5.4.45
17.03.2020 8:51:46:::55,38: php5.5.38
17.03.2020 8:51:46:::56: php5.6.0
17.03.2020 8:51:46:::56,37: php5.6.37
17.03.2020 8:51:46:::70: php7.0.0
17.03.2020 8:51:46:::70,31: php7.0.31
17.03.2020 8:51:46:::71: php7.1.0
17.03.2020 8:51:46:::71,2: php7.1.20
17.03.2020 8:51:46:::72,01: php7.2.1
17.03.2020 8:51:46:::72,08: php7.2.8
17.03.2020 8:51:46:::72,1: php7.2.10
17.03.2020 8:51:46:::72,14: php7.2.14
17.03.2020 8:51:46:::73: php7.3.0
17.03.2020 8:51:46:::73,07: php7.3.7
17.03.2020 8:51:46:::PHPVerionsDictFinal count:15
17.03.2020 8:51:46:::Final phpversion in branch 55 is: php5.5.38
17.03.2020 8:51:46:::php version ini: C:\MAMP\conf\php5.5.38\php.ini
17.03.2020 8:51:46:::LoadTextFromFile from phpConf.
17.03.2020 8:51:46:::Executing query password change.
17.03.2020 8:51:46:::Executing PHP file command .
17.03.2020 8:51:46:::PHP command file execution from file.
17.03.2020 8:51:59:::Opening start address on clicking WebStart: http://localhost:80/MAMP/
17.03.2020 8:52:41:::Opening start address on clicking WebStart: http://localhost:80/MAMP/
17.03.2020 8:54:39:::Opening start address on clicking WebStart: http://localhost:80/MAMP/
17.03.2020 9:00:45:::Opening start address on clicking WebStart: http://localhost:80/MAMP/
17.03.2020 9:10:57:::Stoppping mysql process with mysqladmin.
17.03.2020 9:10:57:::Trying to load value from config: StopMysqlCommand
17.03.2020 9:10:57:::AppSetting : StopMysqlCommand : System.Configuration.KeyValueConfigurationElement
17.03.2020 9:11:02:::MySQL stopped. Checking if mysql is still active by name.
17.03.2020 9:11:50:::Loading conf files.
17.03.2020 9:11:50:::apacheConfText: #
# This is the mai
17.03.2020 9:11:50:::mysqlConfText: # Example MySQL conf
17.03.2020 9:11:50:::mysqlConfText: #user               
17.03.2020 9:11:50:::GetPHPversion.
17.03.2020 9:11:50:::Apache version set is: 2_2
17.03.2020 9:11:50:::phpverFromApache is:php7.3.7
17.03.2020 9:11:50:::GetAllFileNamesFromDirectory count:16
17.03.2020 9:11:50:::final string:53.23
17.03.2020 9:11:50:::finald:53,23
17.03.2020 9:11:50:::final string:54.45
17.03.2020 9:11:50:::finald:54,45
17.03.2020 9:11:50:::final string:55.38
17.03.2020 9:11:50:::finald:55,38
17.03.2020 9:11:50:::final string:56.00
17.03.2020 9:11:50:::finald:56
17.03.2020 9:11:50:::final string:56.37
17.03.2020 9:11:50:::finald:56,37
17.03.2020 9:11:50:::final string:70.00
17.03.2020 9:11:50:::finald:70
17.03.2020 9:11:50:::final string:70.31
17.03.2020 9:11:50:::finald:70,31
17.03.2020 9:11:50:::final string:71.00
17.03.2020 9:11:50:::finald:71
17.03.2020 9:11:50:::final string:71.20
17.03.2020 9:11:50:::finald:71,2
17.03.2020 9:11:50:::final string:72.01
17.03.2020 9:11:50:::finald:72,01
17.03.2020 9:11:50:::final string:72.10
17.03.2020 9:11:50:::finald:72,1
17.03.2020 9:11:50:::final string:72.14
17.03.2020 9:11:50:::finald:72,14
17.03.2020 9:11:50:::final string:72.08
17.03.2020 9:11:50:::finald:72,08
17.03.2020 9:11:50:::final string:73.00
17.03.2020 9:11:50:::finald:73
17.03.2020 9:11:50:::final string:73.07
17.03.2020 9:11:50:::finald:73,07
17.03.2020 9:11:50:::PHPVerionsDict count:System.Collections.Generic.Dictionary`2[System.Double,System.String]
17.03.2020 9:11:50:::53,23: php5.3.23
17.03.2020 9:11:50:::54,45: php5.4.45
17.03.2020 9:11:50:::55,38: php5.5.38
17.03.2020 9:11:50:::56: php5.6.0
17.03.2020 9:11:50:::56,37: php5.6.37
17.03.2020 9:11:50:::70: php7.0.0
17.03.2020 9:11:50:::70,31: php7.0.31
17.03.2020 9:11:50:::71: php7.1.0
17.03.2020 9:11:50:::71,2: php7.1.20
17.03.2020 9:11:50:::72,01: php7.2.1
17.03.2020 9:11:50:::72,08: php7.2.8
17.03.2020 9:11:50:::72,1: php7.2.10
17.03.2020 9:11:50:::72,14: php7.2.14
17.03.2020 9:11:50:::73: php7.3.0
17.03.2020 9:11:50:::73,07: php7.3.7
17.03.2020 9:11:50:::PHPVerionsDictFinal count:15
17.03.2020 9:11:50:::GetPhpMin.php7.2.14
17.03.2020 9:11:50:::GetAllFileNamesFromDirectory count:16
17.03.2020 9:11:50:::final string:53.23
17.03.2020 9:11:50:::finald:53,23
17.03.2020 9:11:50:::final string:54.45
17.03.2020 9:11:50:::finald:54,45
17.03.2020 9:11:50:::final string:55.38
17.03.2020 9:11:50:::finald:55,38
17.03.2020 9:11:50:::final string:56.00
17.03.2020 9:11:50:::finald:56
17.03.2020 9:11:50:::final string:56.37
17.03.2020 9:11:50:::finald:56,37
17.03.2020 9:11:50:::final string:70.00
17.03.2020 9:11:50:::finald:70
17.03.2020 9:11:50:::final string:70.31
17.03.2020 9:11:50:::finald:70,31
17.03.2020 9:11:50:::final string:71.00
17.03.2020 9:11:50:::finald:71
17.03.2020 9:11:50:::final string:71.20
17.03.2020 9:11:50:::finald:71,2
17.03.2020 9:11:50:::final string:72.01
17.03.2020 9:11:50:::finald:72,01
17.03.2020 9:11:50:::final string:72.10
17.03.2020 9:11:50:::finald:72,1
17.03.2020 9:11:50:::final string:72.14
17.03.2020 9:11:50:::finald:72,14
17.03.2020 9:11:50:::final string:72.08
17.03.2020 9:11:50:::finald:72,08
17.03.2020 9:11:50:::final string:73.00
17.03.2020 9:11:50:::finald:73
17.03.2020 9:11:50:::final string:73.07
17.03.2020 9:11:50:::finald:73,07
17.03.2020 9:11:50:::PHPVerionsDict count:System.Collections.Generic.Dictionary`2[System.Double,System.String]
17.03.2020 9:11:50:::73,07: php7.3.7
17.03.2020 9:11:50:::73: php7.3.0
17.03.2020 9:11:50:::72,14: php7.2.14
17.03.2020 9:11:50:::72,1: php7.2.10
17.03.2020 9:11:50:::72,08: php7.2.8
17.03.2020 9:11:50:::72,01: php7.2.1
17.03.2020 9:11:50:::71,2: php7.1.20
17.03.2020 9:11:50:::71: php7.1.0
17.03.2020 9:11:50:::70,31: php7.0.31
17.03.2020 9:11:50:::70: php7.0.0
17.03.2020 9:11:50:::56,37: php5.6.37
17.03.2020 9:11:50:::56: php5.6.0
17.03.2020 9:11:50:::55,38: php5.5.38
17.03.2020 9:11:50:::54,45: php5.4.45
17.03.2020 9:11:50:::53,23: php5.3.23
17.03.2020 9:11:50:::PHPVerionsDictFinal count:15
17.03.2020 9:11:50:::GetPhpMax.php7.3.7
17.03.2020 9:11:50:::GetAllFileNamesFromDirectory count:16
17.03.2020 9:11:50:::final string:53.23
17.03.2020 9:11:50:::finald:53,23
17.03.2020 9:11:50:::final string:54.45
17.03.2020 9:11:50:::finald:54,45
17.03.2020 9:11:50:::final string:55.38
17.03.2020 9:11:50:::finald:55,38
17.03.2020 9:11:50:::final string:56.00
17.03.2020 9:11:50:::finald:56
17.03.2020 9:11:50:::final string:56.37
17.03.2020 9:11:50:::finald:56,37
17.03.2020 9:11:50:::final string:70.00
17.03.2020 9:11:50:::finald:70
17.03.2020 9:11:50:::final string:70.31
17.03.2020 9:11:50:::finald:70,31
17.03.2020 9:11:50:::final string:71.00
17.03.2020 9:11:50:::finald:71
17.03.2020 9:11:50:::final string:71.20
17.03.2020 9:11:50:::finald:71,2
17.03.2020 9:11:50:::final string:72.01
17.03.2020 9:11:50:::finald:72,01
17.03.2020 9:11:50:::final string:72.10
17.03.2020 9:11:50:::finald:72,1
17.03.2020 9:11:50:::final string:72.14
17.03.2020 9:11:50:::finald:72,14
17.03.2020 9:11:50:::final string:72.08
17.03.2020 9:11:50:::finald:72,08
17.03.2020 9:11:50:::final string:73.00
17.03.2020 9:11:50:::finald:73
17.03.2020 9:11:50:::final string:73.07
17.03.2020 9:11:50:::finald:73,07
17.03.2020 9:11:50:::PHPVerionsDict count:System.Collections.Generic.Dictionary`2[System.Double,System.String]
17.03.2020 9:11:50:::53,23: php5.3.23
17.03.2020 9:11:50:::54,45: php5.4.45
17.03.2020 9:11:50:::55,38: php5.5.38
17.03.2020 9:11:50:::56: php5.6.0
17.03.2020 9:11:50:::56,37: php5.6.37
17.03.2020 9:11:50:::70: php7.0.0
17.03.2020 9:11:50:::70,31: php7.0.31
17.03.2020 9:11:50:::71: php7.1.0
17.03.2020 9:11:50:::71,2: php7.1.20
17.03.2020 9:11:50:::72,01: php7.2.1
17.03.2020 9:11:50:::72,08: php7.2.8
17.03.2020 9:11:50:::72,1: php7.2.10
17.03.2020 9:11:50:::72,14: php7.2.14
17.03.2020 9:11:50:::73: php7.3.0
17.03.2020 9:11:50:::73,07: php7.3.7
17.03.2020 9:11:50:::PHPVerionsDictFinal count:15
17.03.2020 9:11:50:::GetAllFileNamesFromDirectory count:16
17.03.2020 9:11:50:::final string:53.23
17.03.2020 9:11:50:::finald:53,23
17.03.2020 9:11:50:::final string:54.45
17.03.2020 9:11:50:::finald:54,45
17.03.2020 9:11:50:::final string:55.38
17.03.2020 9:11:50:::finald:55,38
17.03.2020 9:11:50:::final string:56.00
17.03.2020 9:11:50:::finald:56
17.03.2020 9:11:50:::final string:56.37
17.03.2020 9:11:50:::finald:56,37
17.03.2020 9:11:50:::final string:70.00
17.03.2020 9:11:50:::finald:70
17.03.2020 9:11:50:::final string:70.31
17.03.2020 9:11:50:::finald:70,31
17.03.2020 9:11:50:::final string:71.00
17.03.2020 9:11:50:::finald:71
17.03.2020 9:11:50:::final string:71.20
17.03.2020 9:11:50:::finald:71,2
17.03.2020 9:11:50:::final string:72.01
17.03.2020 9:11:50:::finald:72,01
17.03.2020 9:11:50:::final string:72.10
17.03.2020 9:11:50:::finald:72,1
17.03.2020 9:11:50:::final string:72.14
17.03.2020 9:11:50:::finald:72,14
17.03.2020 9:11:50:::final string:72.08
17.03.2020 9:11:50:::finald:72,08
17.03.2020 9:11:50:::final string:73.00
17.03.2020 9:11:50:::finald:73
17.03.2020 9:11:50:::final string:73.07
17.03.2020 9:11:50:::finald:73,07
17.03.2020 9:11:50:::PHPVerionsDict count:System.Collections.Generic.Dictionary`2[System.Double,System.String]
17.03.2020 9:11:50:::73,07: php7.3.7
17.03.2020 9:11:50:::73: php7.3.0
17.03.2020 9:11:50:::72,14: php7.2.14
17.03.2020 9:11:50:::72,1: php7.2.10
17.03.2020 9:11:50:::72,08: php7.2.8
17.03.2020 9:11:50:::72,01: php7.2.1
17.03.2020 9:11:50:::71,2: php7.1.20
17.03.2020 9:11:50:::71: php7.1.0
17.03.2020 9:11:50:::70,31: php7.0.31
17.03.2020 9:11:50:::70: php7.0.0
17.03.2020 9:11:50:::56,37: php5.6.37
17.03.2020 9:11:50:::56: php5.6.0
17.03.2020 9:11:50:::55,38: php5.5.38
17.03.2020 9:11:50:::54,45: php5.4.45
17.03.2020 9:11:50:::53,23: php5.3.23
17.03.2020 9:11:50:::PHPVerionsDictFinal count:15
17.03.2020 9:11:50:::GetPhpMax check.
17.03.2020 9:11:50:::GetAllFileNamesFromDirectory count:16
17.03.2020 9:11:50:::final string:53.23
17.03.2020 9:11:50:::finald:53,23
17.03.2020 9:11:50:::final string:54.45
17.03.2020 9:11:50:::finald:54,45
17.03.2020 9:11:50:::final string:55.38
17.03.2020 9:11:50:::finald:55,38
17.03.2020 9:11:50:::final string:56.00
17.03.2020 9:11:50:::finald:56
17.03.2020 9:11:50:::final string:56.37
17.03.2020 9:11:50:::finald:56,37
17.03.2020 9:11:50:::final string:70.00
17.03.2020 9:11:50:::finald:70
17.03.2020 9:11:50:::final string:70.31
17.03.2020 9:11:50:::finald:70,31
17.03.2020 9:11:50:::final string:71.00
17.03.2020 9:11:50:::finald:71
17.03.2020 9:11:50:::final string:71.20
17.03.2020 9:11:50:::finald:71,2
17.03.2020 9:11:50:::final string:72.01
17.03.2020 9:11:50:::finald:72,01
17.03.2020 9:11:50:::final string:72.10
17.03.2020 9:11:50:::finald:72,1
17.03.2020 9:11:50:::final string:72.14
17.03.2020 9:11:50:::finald:72,14
17.03.2020 9:11:50:::final string:72.08
17.03.2020 9:11:50:::finald:72,08
17.03.2020 9:11:50:::final string:73.00
17.03.2020 9:11:50:::finald:73
17.03.2020 9:11:50:::final string:73.07
17.03.2020 9:11:50:::finald:73,07
17.03.2020 9:11:50:::PHPVerionsDict count:System.Collections.Generic.Dictionary`2[System.Double,System.String]
17.03.2020 9:11:50:::73,07: php7.3.7
17.03.2020 9:11:50:::73: php7.3.0
17.03.2020 9:11:50:::72,14: php7.2.14
17.03.2020 9:11:50:::72,1: php7.2.10
17.03.2020 9:11:50:::72,08: php7.2.8
17.03.2020 9:11:50:::72,01: php7.2.1
17.03.2020 9:11:50:::71,2: php7.1.20
17.03.2020 9:11:50:::71: php7.1.0
17.03.2020 9:11:50:::70,31: php7.0.31
17.03.2020 9:11:50:::70: php7.0.0
17.03.2020 9:11:50:::56,37: php5.6.37
17.03.2020 9:11:50:::56: php5.6.0
17.03.2020 9:11:50:::55,38: php5.5.38
17.03.2020 9:11:50:::54,45: php5.4.45
17.03.2020 9:11:50:::53,23: php5.3.23
17.03.2020 9:11:50:::PHPVerionsDictFinal count:15
17.03.2020 9:11:50:::LoadTextFromFile from phpConf.
17.03.2020 9:11:50:::apacheConf: C:\MAMP\conf\apache\httpd.conf
17.03.2020 9:11:50:::mysqlConf: C:\MAMP\conf\mysql\my.ini
17.03.2020 9:11:50:::phpConf: C:\MAMP\conf\php7.3.7\php.ini
17.03.2020 9:11:50:::phpmyAdminConf: C:\MAMP\bin\phpMyAdmin\config.inc.php
17.03.2020 9:11:50:::NginxConfText: C:\MAMP\conf\nginx\nginx.conf
17.03.2020 9:11:50:::apacheConfText: #
# This is the mai
17.03.2020 9:11:50:::mysqlConfText: # Example MySQL conf
17.03.2020 9:11:50:::phpConfText: [PHP]

;;;;;;;;;;;
17.03.2020 9:11:50:::phpmyAdminConfText: <?php
/* vim: set ex
17.03.2020 9:11:50:::NginxConfText: #user               
17.03.2020 9:11:50:::MySQLDataDir is: C:/MAMP/db/mysql/
17.03.2020 9:11:50:::Starting processes in ProcessStartManager.
17.03.2020 9:11:50:::Starting Apache.
17.03.2020 9:11:52:::Starting MySQL in Process Start Manager.
17.03.2020 9:11:52:::Finished starting processes in StartMySQL.
17.03.2020 9:11:52:::Mysql has started.
17.03.2020 9:12:23:::Stoppping mysql process with mysqladmin.
17.03.2020 9:12:23:::Trying to load value from config: StopMysqlCommand
17.03.2020 9:12:23:::AppSetting : StopMysqlCommand : System.Configuration.KeyValueConfigurationElement
17.03.2020 9:12:28:::MySQL stopped. Checking if mysql is still active by name.
