17.03.2020 8:51:41	<I>: 	ProcessName: MAMP

17.03.2020 8:51:41	<I>: 	Only one instance of MAMP is running.

17.03.2020 8:51:41	<I>: 	Checking MAMP PRO.

17.03.2020 8:51:41	<I>: 	Done reading app setting.

17.03.2020 8:51:41	<I>: 	Opening MAMP control panel.

17.03.2020 8:51:41	<I>: 	Starting MAMP

17.03.2020 8:51:41	<I>: 	MAMP Build version: 4.1.1.18915

17.03.2020 8:51:41	<I>: 	MAMP x86 release binaries.

17.03.2020 8:51:41	<I>: 	

17.03.2020 8:51:41	<I>: 	Operation System:  Microsoft Windows NT 6.2.9200.0

17.03.2020 8:51:41	<I>: 	ProcessorCount:  32

17.03.2020 8:51:41	<I>: 	64Bit OS:  Yes

17.03.2020 8:51:41	<I>: 	Region:  Russia

17.03.2020 8:51:41	<I>: 	Region DisplayName:  Россия

17.03.2020 8:51:41	<I>: 	TwoLetterISORegionName:  RU

17.03.2020 8:51:41	<I>: 	ThreeLetterISORegionName:  RUS

17.03.2020 8:51:41	<I>: 	System Page Size:  4096

17.03.2020 8:51:41	<I>: 	SystemDirectory:  C:\Windows\system32

17.03.2020 8:51:41	<I>: 	UserDomainName:  ADMIN

17.03.2020 8:51:41	<I>: 	UserName: User

17.03.2020 8:51:41	<I>: 		 Drive: C:\

17.03.2020 8:51:41	<I>: 			 VolumeLabel: 

17.03.2020 8:51:41	<I>: 			 DriveType: Fixed

17.03.2020 8:51:41	<I>: 			 DriveFormat: NTFS

17.03.2020 8:51:41	<I>: 			 TotalSize: 265624219648

17.03.2020 8:51:41	<I>: 			 AvailableFreeSpace: 74036285440

17.03.2020 8:51:41	<I>: 		 Drive: E:\

17.03.2020 8:51:41	<I>: 			 VolumeLabel: Новый том

17.03.2020 8:51:41	<I>: 			 DriveType: Fixed

17.03.2020 8:51:41	<I>: 			 DriveFormat: NTFS

17.03.2020 8:51:41	<I>: 			 TotalSize: 4000768323584

17.03.2020 8:51:41	<I>: 			 AvailableFreeSpace: 4000490950656

17.03.2020 8:51:41	<I>: 		 Drive: F:\

17.03.2020 8:51:41	<I>: 			 VolumeLabel: Новый том

17.03.2020 8:51:41	<I>: 			 DriveType: Fixed

17.03.2020 8:51:41	<I>: 			 DriveFormat: NTFS

17.03.2020 8:51:41	<I>: 			 TotalSize: 4000768323584

17.03.2020 8:51:41	<I>: 			 AvailableFreeSpace: 3872116928512

17.03.2020 8:51:41	<I>: 	

17.03.2020 8:51:41	<I>: 	Checking configuration files variables.

17.03.2020 8:51:41	<I>: 	Base MAMP path is: C:\MAMP\

17.03.2020 8:51:42	<I>: 	For php version there is missing php.ini configuration. Now system needs to reconfigure itself.

17.03.2020 8:51:42	<I>: 	Server root is: 'C:\MAMP\bin\apache'

17.03.2020 8:51:42	<I>: 	Checking if current php version is valid.

17.03.2020 8:51:42	<I>: 	Current PHP Version does not exist: php7.0.9

17.03.2020 8:51:42	<I>: 	System state changed. MAMP needs to reconfigure.

17.03.2020 8:51:42	<<I>>: 	Set php version to current php max version:php7.3.7

17.03.2020 8:51:42	<I>: 	Initilizing UI Settings from conf files.

17.03.2020 8:51:42	<I>: 	Apache port for MAMP:80

17.03.2020 8:51:42	<I>: 	MySQL port for MAMP:3306

17.03.2020 8:51:42	<I>: 	Nginx port for MAMP from configuration file:80

17.03.2020 8:51:42	<I>: 	Initialize cloud option active.

17.03.2020 8:51:42	<I>: 	Initialize cloud database.

17.03.2020 8:51:42	<I>: 	Initialize cloud IsCloudEncrypted.

17.03.2020 8:51:42	<I>: 	Initialize cloud enc key.

17.03.2020 8:51:42	<I>: 	Initialize cloud IsCloudKeyOnDesktop.

17.03.2020 8:51:42	<I>: 	Initialize MyWebLink.

17.03.2020 8:51:42	<I>: 	Initialize CloudFileRev.

17.03.2020 8:51:42	<I>: 	webServer port is: 80

17.03.2020 8:51:42	<I>: 	Doc root:C:\MAMP\htdocs

17.03.2020 8:51:42	<I>: 	Apache port:80

17.03.2020 8:51:42	<I>: 	Mysql port is:3306

17.03.2020 8:51:42	<I>: 	Finished Initilizing UI Settings.

17.03.2020 8:51:42	<I>: 	MySQL bin version: 5.7.24.0

17.03.2020 8:51:42	<I>: 	Checking file access rights:ADMIN\User

17.03.2020 8:51:42	<I>: 	MAMP detected that it needs to set file access rights for at least one file.

17.03.2020 8:51:42	<I>: 	Setting access rights:C:\MAMP\logs

17.03.2020 8:51:42	<E>: 	Could not set access rights on folder: C:\MAMP\logs

17.03.2020 8:51:42	<I>: 	Checking ports.

17.03.2020 8:51:42	<I>: 	Start when MAMP start check.

17.03.2020 8:51:42	<I>: 	Set data to data context.

17.03.2020 8:51:42	<I>: 	ShowLoadingIndicatorUI

17.03.2020 8:51:42	<I>: 	Starting MAMP server processes.

17.03.2020 8:51:42	<I>: 	Init registry.

17.03.2020 8:51:42	<I>: 	Finished Init registry.

17.03.2020 8:51:42	<I>: 	Finished initilizing UI interface data.

17.03.2020 8:51:42	<I>: 	Enabled Preferences button.

17.03.2020 8:51:42	<I>: 	Trying to start logging events for Windows events generated by MAMP PRO servers.

17.03.2020 8:51:42	<I>: 	Started logging events form Windows Application events generated  by MAMP PRO servers.

17.03.2020 8:51:42	<I>: 	Starting checking VC rutime versions.

17.03.2020 8:51:42	<I>: 	Finished main app initialization.

17.03.2020 8:51:42	<I>: 	Downloading banner metadata from : http://apps.mamp.info/Win/MAMP/banner/4.1/banner.json

17.03.2020 8:51:42	<I>: 	WebServer or mysql are not active, checking ports.

17.03.2020 8:51:42	<I>: 	Ports ok.

17.03.2020 8:51:42	<I>: 	Starting all processes.

17.03.2020 8:51:42	<I>: 	Executed checking VC versions was success.

17.03.2020 8:51:42	<I>: 	VC2008 runtime:True

17.03.2020 8:51:42	<I>: 	VC2010 runtime:True

17.03.2020 8:51:42	<I>: 	VC2012 runtime:True

17.03.2020 8:51:42	<I>: 	VC2015 runtime:True

17.03.2020 8:51:42	<I>: 	VC runtimes tests were ok.

17.03.2020 8:51:43	<I>: 	Downloading image banner.

17.03.2020 8:51:43	<I>: 	Image banner url:https://apps.mamp.info/Win/MAMP/banner/4.0/bannerCurrent_en.png

17.03.2020 8:51:43	<I>: 	Decoding image from byte array.

17.03.2020 8:51:45	<I>: 	Finished starting all processes.

17.03.2020 8:51:46	<I>: 	Cheking version with: C:/MAMP/db/mysql/dbversion.txt

17.03.2020 8:51:46	<I>: 	Current MySQL version is: 5.7.24

17.03.2020 8:51:46	<I>: 	Cheking version with: C:/MAMP/db/mysql/dbversion.txt

17.03.2020 8:51:46	<I>: 	Current MySQL version is: 5.7.24

17.03.2020 8:51:46	<I>: 	Cheking version with: C:/MAMP/db/mysql/dbversion.txt

17.03.2020 8:51:46	<I>: 	Current MySQL version is: 5.7.24

17.03.2020 8:51:46	<I>: 	Cheking version with: C:/MAMP/db/mysql/dbversion.txt

17.03.2020 8:51:46	<I>: 	Current MySQL version is: 5.7.24

17.03.2020 8:51:46	<I>: 	Cheking version with: C:/MAMP/db/mysql/dbversion.txt

17.03.2020 8:51:46	<I>: 	Current MySQL version is: 5.7.24

17.03.2020 8:51:46	<I>: 	Cheking version with: C:/MAMP/db/mysql/dbversion.txt

17.03.2020 8:51:46	<I>: 	Current MySQL version is: 5.7.24

17.03.2020 8:51:46	<I>: 	Cheking version with: C:/MAMP/db/mysql/dbversion.txt

17.03.2020 8:51:46	<I>: 	Current MySQL version is: 5.7.24

17.03.2020 8:51:46	<I>: 	Cheking version with: C:/MAMP/db/mysql/dbversion.txt

17.03.2020 8:51:46	<I>: 	Current MySQL version is: 5.7.24

17.03.2020 8:51:46	<I>: 	Cheking version with: C:/MAMP/db/mysql/dbversion.txt

17.03.2020 8:51:46	<I>: 	Current MySQL version is: 5.7.24

17.03.2020 8:51:46	<I>: 	Cheking version with: C:/MAMP/db/mysql/dbversion.txt

17.03.2020 8:51:46	<I>: 	Current MySQL version is: 5.7.24

17.03.2020 8:51:46	<I>: 	Cheking version with: C:/MAMP/db/mysql/dbversion.txt

17.03.2020 8:51:46	<I>: 	Current MySQL version is: 5.7.24

17.03.2020 8:51:46	<I>: 	Cheking version with: C:/MAMP/db/mysql/dbversion.txt

17.03.2020 8:51:46	<I>: 	Current MySQL version is: 5.7.24

17.03.2020 8:51:46	<I>: 	First check when MySQL password is updated from empty to default was success.

17.03.2020 9:11:50	<I>: 	WebServer or mysql are not active, checking ports.

17.03.2020 9:11:50	<I>: 	Ports ok.

17.03.2020 9:11:50	<I>: 	Starting all processes.

17.03.2020 9:11:52	<I>: 	Finished starting all processes.

17.03.2020 9:12:25	<F>: 	Closing MAMP application.

